

================================================================
== Vitis HLS Report for 'buffer_store'
================================================================
* Date:           Sun Nov 26 22:31:52 2023

* Version:        2020.2.2 (Build 3118627 on Tue Feb  9 05:13:49 MST 2021)
* Project:        hotspot.prj
* Solution:       solution1 (Vivado IP Flow Target)
* Product family: virtexuplus
* Target device:  xcu50-fsvh2104-2-e


================================================================
== Performance Estimates
================================================================
+ Timing: 
    * Summary: 
    +--------+---------+----------+------------+
    |  Clock |  Target | Estimated| Uncertainty|
    +--------+---------+----------+------------+
    |ap_clk  |  3.33 ns|  2.061 ns|     0.90 ns|
    +--------+---------+----------+------------+

+ Latency: 
    * Summary: 
    +---------+---------+----------+----------+-----+-----+---------+
    |  Latency (cycles) |  Latency (absolute) |  Interval | Pipeline|
    |   min   |   max   |    min   |    max   | min | max |   Type  |
    +---------+---------+----------+----------+-----+-----+---------+
    |        1|      259|  3.330 ns|  0.862 us|    1|  259|     none|
    +---------+---------+----------+----------+-----+-----+---------+

    + Detail: 
        * Instance: 
        N/A

        * Loop: 
        +---------------------+---------+---------+----------+-----------+-----------+------+----------+
        |                     |  Latency (cycles) | Iteration|  Initiation Interval  | Trip |          |
        |      Loop Name      |   min   |   max   |  Latency |  achieved |   target  | Count| Pipelined|
        +---------------------+---------+---------+----------+-----------+-----------+------+----------+
        |- VITIS_LOOP_2095_3  |      257|      257|         3|          1|          1|   256|       yes|
        +---------------------+---------+---------+----------+-----------+-----------+------+----------+

============================================================
+ Verbose Summary: Synthesis Manager
============================================================
InlineROM: 1
ExposeGlobal: 0
============================================================
+ Verbose Summary: CDFG Model
============================================================
IsTopModel: 0
ResetActiveHigh: 1
IsCombinational: 0
IsDatapathOnly: 0
HasWiredReturn: 1
HasMFsm: 0
HasVarLatency: 1
IsPipeline: 0
IsRtlPipelined: 0
IsInstanceOverlapped: 0
IsDontTouch: 0
HasImplIP: 0
IsGatedGlobalClock: 0

+ Individual pipeline summary: 
  * Pipeline-0: initiation interval (II) = 1, depth = 3


============================================================
+ Verbose Summary: Schedule
============================================================
* Number of FSM states : 5
* Pipeline : 1
  Pipeline-0 : II = 1, D = 3, States = { 2 3 4 }
* Dataflow Pipeline: 0

* FSM state transitions: 
1 --> 5 2 
2 --> 5 3 
3 --> 4 
4 --> 2 
5 --> 

* FSM state operations: 

State 1 <SV = 0> <Delay = 0.38>
ST_1 : Operation 6 [1/1] (0.00ns)   --->   "%dest_read = read i20 @_ssdm_op_Read.ap_auto.i20, i20 %dest"   --->   Operation 6 'read' 'dest_read' <Predicate = true> <Delay = 0.00>
ST_1 : Operation 7 [1/1] (0.00ns)   --->   "%store_flag_read = read i1 @_ssdm_op_Read.ap_auto.i1, i1 %store_flag"   --->   Operation 7 'read' 'store_flag_read' <Predicate = true> <Delay = 0.00>
ST_1 : Operation 8 [1/1] (0.00ns)   --->   "%dest_cast = sext i20 %dest_read"   --->   Operation 8 'sext' 'dest_cast' <Predicate = true> <Delay = 0.00>
ST_1 : Operation 9 [1/1] (0.00ns)   --->   "%specinterface_ln0 = specinterface void @_ssdm_op_SpecInterface, i512 %result, void @empty, i32 0, i32 0, void @empty_7, i32 4294967295, i32 0, void @empty_7, void @empty_7, void @empty_7, i32 0, i32 0, i32 0, i32 0, void @empty_7, void @empty_7"   --->   Operation 9 'specinterface' 'specinterface_ln0' <Predicate = true> <Delay = 0.00>
ST_1 : Operation 10 [1/1] (0.00ns)   --->   "%br_ln119 = br i1 %store_flag_read, void %_ZL27memcpy_wide_bus_write_floatP7ap_uintILi512EEPfmm.exit, void %.preheader.preheader" [3dHLS.cpp:119]   --->   Operation 10 'br' 'br_ln119' <Predicate = true> <Delay = 0.00>
ST_1 : Operation 11 [1/1] (0.38ns)   --->   "%br_ln2095 = br void %.preheader" [./mars_wide_bus.h:2095]   --->   Operation 11 'br' 'br_ln2095' <Predicate = (store_flag_read)> <Delay = 0.38>

State 2 <SV = 1> <Delay = 1.19>
ST_2 : Operation 12 [1/1] (0.00ns)   --->   "%i = phi i9 %i_2, void %.split2, i9 0, void %.preheader.preheader"   --->   Operation 12 'phi' 'i' <Predicate = true> <Delay = 0.00>
ST_2 : Operation 13 [1/1] (0.71ns)   --->   "%i_2 = add i9 %i, i9 1" [./mars_wide_bus.h:2095]   --->   Operation 13 'add' 'i_2' <Predicate = true> <Delay = 0.71> <CoreInst = "Adder">   --->   Core 1 'Adder' <Latency = 0> <II = 1> <Delay = 0.80> <FuncUnit> <Opcode : 'add' 'sub'> <InPorts = 2> <OutPorts = 1>
ST_2 : Operation 14 [1/1] (0.59ns)   --->   "%icmp_ln2095 = icmp_eq  i9 %i, i9 256" [./mars_wide_bus.h:2095]   --->   Operation 14 'icmp' 'icmp_ln2095' <Predicate = true> <Delay = 0.59> <CoreInst = "Cmp">   --->   Core 9 'Cmp' <Latency = 0> <II = 1> <Delay = 0.59> <FuncUnit> <Opcode : 'icmp'> <InPorts = 2> <OutPorts = 1>
ST_2 : Operation 15 [1/1] (0.00ns)   --->   "%empty = speclooptripcount i32 @_ssdm_op_SpecLoopTripCount, i64 256, i64 256, i64 256"   --->   Operation 15 'speclooptripcount' 'empty' <Predicate = true> <Delay = 0.00>
ST_2 : Operation 16 [1/1] (0.00ns)   --->   "%br_ln2095 = br i1 %icmp_ln2095, void %.split2, void %_ZL27memcpy_wide_bus_write_floatP7ap_uintILi512EEPfmm.exit.loopexit" [./mars_wide_bus.h:2095]   --->   Operation 16 'br' 'br_ln2095' <Predicate = true> <Delay = 0.00>
ST_2 : Operation 17 [1/1] (0.00ns)   --->   "%zext_ln2095 = zext i9 %i" [./mars_wide_bus.h:2095]   --->   Operation 17 'zext' 'zext_ln2095' <Predicate = (!icmp_ln2095)> <Delay = 0.00>
ST_2 : Operation 18 [1/1] (0.00ns)   --->   "%source_0_addr = getelementptr i32 %source_0, i64 0, i64 %zext_ln2095" [./mars_wide_bus.h:2100]   --->   Operation 18 'getelementptr' 'source_0_addr' <Predicate = (!icmp_ln2095)> <Delay = 0.00>
ST_2 : Operation 19 [2/2] (1.19ns)   --->   "%source_0_load = load i8 %source_0_addr" [./mars_wide_bus.h:2100]   --->   Operation 19 'load' 'source_0_load' <Predicate = (!icmp_ln2095)> <Delay = 1.19> <CoreInst = "RAM">   --->   Core 83 'RAM' <Latency = 1> <II = 1> <Delay = 1.19> <Storage> <Opcode : 'load' 'store'> <Ports = 2> <Width = 32> <Depth = 256> <RAM>
ST_2 : Operation 20 [1/1] (0.00ns)   --->   "%source_1_addr = getelementptr i32 %source_1, i64 0, i64 %zext_ln2095" [./mars_wide_bus.h:2100]   --->   Operation 20 'getelementptr' 'source_1_addr' <Predicate = (!icmp_ln2095)> <Delay = 0.00>
ST_2 : Operation 21 [2/2] (1.19ns)   --->   "%source_1_load = load i8 %source_1_addr" [./mars_wide_bus.h:2100]   --->   Operation 21 'load' 'source_1_load' <Predicate = (!icmp_ln2095)> <Delay = 1.19> <CoreInst = "RAM">   --->   Core 83 'RAM' <Latency = 1> <II = 1> <Delay = 1.19> <Storage> <Opcode : 'load' 'store'> <Ports = 2> <Width = 32> <Depth = 256> <RAM>
ST_2 : Operation 22 [1/1] (0.00ns)   --->   "%source_2_addr = getelementptr i32 %source_2, i64 0, i64 %zext_ln2095" [./mars_wide_bus.h:2100]   --->   Operation 22 'getelementptr' 'source_2_addr' <Predicate = (!icmp_ln2095)> <Delay = 0.00>
ST_2 : Operation 23 [2/2] (1.19ns)   --->   "%source_2_load = load i8 %source_2_addr" [./mars_wide_bus.h:2100]   --->   Operation 23 'load' 'source_2_load' <Predicate = (!icmp_ln2095)> <Delay = 1.19> <CoreInst = "RAM">   --->   Core 83 'RAM' <Latency = 1> <II = 1> <Delay = 1.19> <Storage> <Opcode : 'load' 'store'> <Ports = 2> <Width = 32> <Depth = 256> <RAM>
ST_2 : Operation 24 [1/1] (0.00ns)   --->   "%source_3_addr = getelementptr i32 %source_3, i64 0, i64 %zext_ln2095" [./mars_wide_bus.h:2100]   --->   Operation 24 'getelementptr' 'source_3_addr' <Predicate = (!icmp_ln2095)> <Delay = 0.00>
ST_2 : Operation 25 [2/2] (1.19ns)   --->   "%source_3_load = load i8 %source_3_addr" [./mars_wide_bus.h:2100]   --->   Operation 25 'load' 'source_3_load' <Predicate = (!icmp_ln2095)> <Delay = 1.19> <CoreInst = "RAM">   --->   Core 83 'RAM' <Latency = 1> <II = 1> <Delay = 1.19> <Storage> <Opcode : 'load' 'store'> <Ports = 2> <Width = 32> <Depth = 256> <RAM>
ST_2 : Operation 26 [1/1] (0.00ns)   --->   "%source_4_addr = getelementptr i32 %source_4, i64 0, i64 %zext_ln2095" [./mars_wide_bus.h:2100]   --->   Operation 26 'getelementptr' 'source_4_addr' <Predicate = (!icmp_ln2095)> <Delay = 0.00>
ST_2 : Operation 27 [2/2] (1.19ns)   --->   "%source_4_load = load i8 %source_4_addr" [./mars_wide_bus.h:2100]   --->   Operation 27 'load' 'source_4_load' <Predicate = (!icmp_ln2095)> <Delay = 1.19> <CoreInst = "RAM">   --->   Core 83 'RAM' <Latency = 1> <II = 1> <Delay = 1.19> <Storage> <Opcode : 'load' 'store'> <Ports = 2> <Width = 32> <Depth = 256> <RAM>
ST_2 : Operation 28 [1/1] (0.00ns)   --->   "%source_5_addr = getelementptr i32 %source_5, i64 0, i64 %zext_ln2095" [./mars_wide_bus.h:2100]   --->   Operation 28 'getelementptr' 'source_5_addr' <Predicate = (!icmp_ln2095)> <Delay = 0.00>
ST_2 : Operation 29 [2/2] (1.19ns)   --->   "%source_5_load = load i8 %source_5_addr" [./mars_wide_bus.h:2100]   --->   Operation 29 'load' 'source_5_load' <Predicate = (!icmp_ln2095)> <Delay = 1.19> <CoreInst = "RAM">   --->   Core 83 'RAM' <Latency = 1> <II = 1> <Delay = 1.19> <Storage> <Opcode : 'load' 'store'> <Ports = 2> <Width = 32> <Depth = 256> <RAM>
ST_2 : Operation 30 [1/1] (0.00ns)   --->   "%source_6_addr = getelementptr i32 %source_6, i64 0, i64 %zext_ln2095" [./mars_wide_bus.h:2100]   --->   Operation 30 'getelementptr' 'source_6_addr' <Predicate = (!icmp_ln2095)> <Delay = 0.00>
ST_2 : Operation 31 [2/2] (1.19ns)   --->   "%source_6_load = load i8 %source_6_addr" [./mars_wide_bus.h:2100]   --->   Operation 31 'load' 'source_6_load' <Predicate = (!icmp_ln2095)> <Delay = 1.19> <CoreInst = "RAM">   --->   Core 83 'RAM' <Latency = 1> <II = 1> <Delay = 1.19> <Storage> <Opcode : 'load' 'store'> <Ports = 2> <Width = 32> <Depth = 256> <RAM>
ST_2 : Operation 32 [1/1] (0.00ns)   --->   "%source_7_addr = getelementptr i32 %source_7, i64 0, i64 %zext_ln2095" [./mars_wide_bus.h:2100]   --->   Operation 32 'getelementptr' 'source_7_addr' <Predicate = (!icmp_ln2095)> <Delay = 0.00>
ST_2 : Operation 33 [2/2] (1.19ns)   --->   "%source_7_load = load i8 %source_7_addr" [./mars_wide_bus.h:2100]   --->   Operation 33 'load' 'source_7_load' <Predicate = (!icmp_ln2095)> <Delay = 1.19> <CoreInst = "RAM">   --->   Core 83 'RAM' <Latency = 1> <II = 1> <Delay = 1.19> <Storage> <Opcode : 'load' 'store'> <Ports = 2> <Width = 32> <Depth = 256> <RAM>
ST_2 : Operation 34 [1/1] (0.00ns)   --->   "%source_8_addr = getelementptr i32 %source_8, i64 0, i64 %zext_ln2095" [./mars_wide_bus.h:2100]   --->   Operation 34 'getelementptr' 'source_8_addr' <Predicate = (!icmp_ln2095)> <Delay = 0.00>
ST_2 : Operation 35 [2/2] (1.19ns)   --->   "%source_8_load = load i8 %source_8_addr" [./mars_wide_bus.h:2100]   --->   Operation 35 'load' 'source_8_load' <Predicate = (!icmp_ln2095)> <Delay = 1.19> <CoreInst = "RAM">   --->   Core 83 'RAM' <Latency = 1> <II = 1> <Delay = 1.19> <Storage> <Opcode : 'load' 'store'> <Ports = 2> <Width = 32> <Depth = 256> <RAM>
ST_2 : Operation 36 [1/1] (0.00ns)   --->   "%source_9_addr = getelementptr i32 %source_9, i64 0, i64 %zext_ln2095" [./mars_wide_bus.h:2100]   --->   Operation 36 'getelementptr' 'source_9_addr' <Predicate = (!icmp_ln2095)> <Delay = 0.00>
ST_2 : Operation 37 [2/2] (1.19ns)   --->   "%source_9_load = load i8 %source_9_addr" [./mars_wide_bus.h:2100]   --->   Operation 37 'load' 'source_9_load' <Predicate = (!icmp_ln2095)> <Delay = 1.19> <CoreInst = "RAM">   --->   Core 83 'RAM' <Latency = 1> <II = 1> <Delay = 1.19> <Storage> <Opcode : 'load' 'store'> <Ports = 2> <Width = 32> <Depth = 256> <RAM>
ST_2 : Operation 38 [1/1] (0.00ns)   --->   "%source_10_addr = getelementptr i32 %source_10, i64 0, i64 %zext_ln2095" [./mars_wide_bus.h:2100]   --->   Operation 38 'getelementptr' 'source_10_addr' <Predicate = (!icmp_ln2095)> <Delay = 0.00>
ST_2 : Operation 39 [2/2] (1.19ns)   --->   "%source_10_load = load i8 %source_10_addr" [./mars_wide_bus.h:2100]   --->   Operation 39 'load' 'source_10_load' <Predicate = (!icmp_ln2095)> <Delay = 1.19> <CoreInst = "RAM">   --->   Core 83 'RAM' <Latency = 1> <II = 1> <Delay = 1.19> <Storage> <Opcode : 'load' 'store'> <Ports = 2> <Width = 32> <Depth = 256> <RAM>
ST_2 : Operation 40 [1/1] (0.00ns)   --->   "%source_11_addr = getelementptr i32 %source_11, i64 0, i64 %zext_ln2095" [./mars_wide_bus.h:2100]   --->   Operation 40 'getelementptr' 'source_11_addr' <Predicate = (!icmp_ln2095)> <Delay = 0.00>
ST_2 : Operation 41 [2/2] (1.19ns)   --->   "%source_11_load = load i8 %source_11_addr" [./mars_wide_bus.h:2100]   --->   Operation 41 'load' 'source_11_load' <Predicate = (!icmp_ln2095)> <Delay = 1.19> <CoreInst = "RAM">   --->   Core 83 'RAM' <Latency = 1> <II = 1> <Delay = 1.19> <Storage> <Opcode : 'load' 'store'> <Ports = 2> <Width = 32> <Depth = 256> <RAM>
ST_2 : Operation 42 [1/1] (0.00ns)   --->   "%source_12_addr = getelementptr i32 %source_12, i64 0, i64 %zext_ln2095" [./mars_wide_bus.h:2100]   --->   Operation 42 'getelementptr' 'source_12_addr' <Predicate = (!icmp_ln2095)> <Delay = 0.00>
ST_2 : Operation 43 [2/2] (1.19ns)   --->   "%source_12_load = load i8 %source_12_addr" [./mars_wide_bus.h:2100]   --->   Operation 43 'load' 'source_12_load' <Predicate = (!icmp_ln2095)> <Delay = 1.19> <CoreInst = "RAM">   --->   Core 83 'RAM' <Latency = 1> <II = 1> <Delay = 1.19> <Storage> <Opcode : 'load' 'store'> <Ports = 2> <Width = 32> <Depth = 256> <RAM>
ST_2 : Operation 44 [1/1] (0.00ns)   --->   "%source_13_addr = getelementptr i32 %source_13, i64 0, i64 %zext_ln2095" [./mars_wide_bus.h:2100]   --->   Operation 44 'getelementptr' 'source_13_addr' <Predicate = (!icmp_ln2095)> <Delay = 0.00>
ST_2 : Operation 45 [2/2] (1.19ns)   --->   "%source_13_load = load i8 %source_13_addr" [./mars_wide_bus.h:2100]   --->   Operation 45 'load' 'source_13_load' <Predicate = (!icmp_ln2095)> <Delay = 1.19> <CoreInst = "RAM">   --->   Core 83 'RAM' <Latency = 1> <II = 1> <Delay = 1.19> <Storage> <Opcode : 'load' 'store'> <Ports = 2> <Width = 32> <Depth = 256> <RAM>
ST_2 : Operation 46 [1/1] (0.00ns)   --->   "%source_14_addr = getelementptr i32 %source_14, i64 0, i64 %zext_ln2095" [./mars_wide_bus.h:2100]   --->   Operation 46 'getelementptr' 'source_14_addr' <Predicate = (!icmp_ln2095)> <Delay = 0.00>
ST_2 : Operation 47 [2/2] (1.19ns)   --->   "%source_14_load = load i8 %source_14_addr" [./mars_wide_bus.h:2100]   --->   Operation 47 'load' 'source_14_load' <Predicate = (!icmp_ln2095)> <Delay = 1.19> <CoreInst = "RAM">   --->   Core 83 'RAM' <Latency = 1> <II = 1> <Delay = 1.19> <Storage> <Opcode : 'load' 'store'> <Ports = 2> <Width = 32> <Depth = 256> <RAM>
ST_2 : Operation 48 [1/1] (0.00ns)   --->   "%source_15_addr = getelementptr i32 %source_15, i64 0, i64 %zext_ln2095" [./mars_wide_bus.h:2100]   --->   Operation 48 'getelementptr' 'source_15_addr' <Predicate = (!icmp_ln2095)> <Delay = 0.00>
ST_2 : Operation 49 [2/2] (1.19ns)   --->   "%source_15_load = load i8 %source_15_addr" [./mars_wide_bus.h:2100]   --->   Operation 49 'load' 'source_15_load' <Predicate = (!icmp_ln2095)> <Delay = 1.19> <CoreInst = "RAM">   --->   Core 83 'RAM' <Latency = 1> <II = 1> <Delay = 1.19> <Storage> <Opcode : 'load' 'store'> <Ports = 2> <Width = 32> <Depth = 256> <RAM>
ST_2 : Operation 50 [1/1] (0.00ns)   --->   "%trunc_ln2227 = trunc i9 %i" [./mars_wide_bus.h:2227]   --->   Operation 50 'trunc' 'trunc_ln2227' <Predicate = (!icmp_ln2095)> <Delay = 0.00>

State 3 <SV = 2> <Delay = 1.19>
ST_3 : Operation 51 [1/2] (1.19ns)   --->   "%source_0_load = load i8 %source_0_addr" [./mars_wide_bus.h:2100]   --->   Operation 51 'load' 'source_0_load' <Predicate = (!icmp_ln2095)> <Delay = 1.19> <CoreInst = "RAM">   --->   Core 83 'RAM' <Latency = 1> <II = 1> <Delay = 1.19> <Storage> <Opcode : 'load' 'store'> <Ports = 2> <Width = 32> <Depth = 256> <RAM>
ST_3 : Operation 52 [1/2] (1.19ns)   --->   "%source_1_load = load i8 %source_1_addr" [./mars_wide_bus.h:2100]   --->   Operation 52 'load' 'source_1_load' <Predicate = (!icmp_ln2095)> <Delay = 1.19> <CoreInst = "RAM">   --->   Core 83 'RAM' <Latency = 1> <II = 1> <Delay = 1.19> <Storage> <Opcode : 'load' 'store'> <Ports = 2> <Width = 32> <Depth = 256> <RAM>
ST_3 : Operation 53 [1/2] (1.19ns)   --->   "%source_2_load = load i8 %source_2_addr" [./mars_wide_bus.h:2100]   --->   Operation 53 'load' 'source_2_load' <Predicate = (!icmp_ln2095)> <Delay = 1.19> <CoreInst = "RAM">   --->   Core 83 'RAM' <Latency = 1> <II = 1> <Delay = 1.19> <Storage> <Opcode : 'load' 'store'> <Ports = 2> <Width = 32> <Depth = 256> <RAM>
ST_3 : Operation 54 [1/2] (1.19ns)   --->   "%source_3_load = load i8 %source_3_addr" [./mars_wide_bus.h:2100]   --->   Operation 54 'load' 'source_3_load' <Predicate = (!icmp_ln2095)> <Delay = 1.19> <CoreInst = "RAM">   --->   Core 83 'RAM' <Latency = 1> <II = 1> <Delay = 1.19> <Storage> <Opcode : 'load' 'store'> <Ports = 2> <Width = 32> <Depth = 256> <RAM>
ST_3 : Operation 55 [1/2] (1.19ns)   --->   "%source_4_load = load i8 %source_4_addr" [./mars_wide_bus.h:2100]   --->   Operation 55 'load' 'source_4_load' <Predicate = (!icmp_ln2095)> <Delay = 1.19> <CoreInst = "RAM">   --->   Core 83 'RAM' <Latency = 1> <II = 1> <Delay = 1.19> <Storage> <Opcode : 'load' 'store'> <Ports = 2> <Width = 32> <Depth = 256> <RAM>
ST_3 : Operation 56 [1/2] (1.19ns)   --->   "%source_5_load = load i8 %source_5_addr" [./mars_wide_bus.h:2100]   --->   Operation 56 'load' 'source_5_load' <Predicate = (!icmp_ln2095)> <Delay = 1.19> <CoreInst = "RAM">   --->   Core 83 'RAM' <Latency = 1> <II = 1> <Delay = 1.19> <Storage> <Opcode : 'load' 'store'> <Ports = 2> <Width = 32> <Depth = 256> <RAM>
ST_3 : Operation 57 [1/2] (1.19ns)   --->   "%source_6_load = load i8 %source_6_addr" [./mars_wide_bus.h:2100]   --->   Operation 57 'load' 'source_6_load' <Predicate = (!icmp_ln2095)> <Delay = 1.19> <CoreInst = "RAM">   --->   Core 83 'RAM' <Latency = 1> <II = 1> <Delay = 1.19> <Storage> <Opcode : 'load' 'store'> <Ports = 2> <Width = 32> <Depth = 256> <RAM>
ST_3 : Operation 58 [1/2] (1.19ns)   --->   "%source_7_load = load i8 %source_7_addr" [./mars_wide_bus.h:2100]   --->   Operation 58 'load' 'source_7_load' <Predicate = (!icmp_ln2095)> <Delay = 1.19> <CoreInst = "RAM">   --->   Core 83 'RAM' <Latency = 1> <II = 1> <Delay = 1.19> <Storage> <Opcode : 'load' 'store'> <Ports = 2> <Width = 32> <Depth = 256> <RAM>
ST_3 : Operation 59 [1/2] (1.19ns)   --->   "%source_8_load = load i8 %source_8_addr" [./mars_wide_bus.h:2100]   --->   Operation 59 'load' 'source_8_load' <Predicate = (!icmp_ln2095)> <Delay = 1.19> <CoreInst = "RAM">   --->   Core 83 'RAM' <Latency = 1> <II = 1> <Delay = 1.19> <Storage> <Opcode : 'load' 'store'> <Ports = 2> <Width = 32> <Depth = 256> <RAM>
ST_3 : Operation 60 [1/2] (1.19ns)   --->   "%source_9_load = load i8 %source_9_addr" [./mars_wide_bus.h:2100]   --->   Operation 60 'load' 'source_9_load' <Predicate = (!icmp_ln2095)> <Delay = 1.19> <CoreInst = "RAM">   --->   Core 83 'RAM' <Latency = 1> <II = 1> <Delay = 1.19> <Storage> <Opcode : 'load' 'store'> <Ports = 2> <Width = 32> <Depth = 256> <RAM>
ST_3 : Operation 61 [1/2] (1.19ns)   --->   "%source_10_load = load i8 %source_10_addr" [./mars_wide_bus.h:2100]   --->   Operation 61 'load' 'source_10_load' <Predicate = (!icmp_ln2095)> <Delay = 1.19> <CoreInst = "RAM">   --->   Core 83 'RAM' <Latency = 1> <II = 1> <Delay = 1.19> <Storage> <Opcode : 'load' 'store'> <Ports = 2> <Width = 32> <Depth = 256> <RAM>
ST_3 : Operation 62 [1/2] (1.19ns)   --->   "%source_11_load = load i8 %source_11_addr" [./mars_wide_bus.h:2100]   --->   Operation 62 'load' 'source_11_load' <Predicate = (!icmp_ln2095)> <Delay = 1.19> <CoreInst = "RAM">   --->   Core 83 'RAM' <Latency = 1> <II = 1> <Delay = 1.19> <Storage> <Opcode : 'load' 'store'> <Ports = 2> <Width = 32> <Depth = 256> <RAM>
ST_3 : Operation 63 [1/2] (1.19ns)   --->   "%source_12_load = load i8 %source_12_addr" [./mars_wide_bus.h:2100]   --->   Operation 63 'load' 'source_12_load' <Predicate = (!icmp_ln2095)> <Delay = 1.19> <CoreInst = "RAM">   --->   Core 83 'RAM' <Latency = 1> <II = 1> <Delay = 1.19> <Storage> <Opcode : 'load' 'store'> <Ports = 2> <Width = 32> <Depth = 256> <RAM>
ST_3 : Operation 64 [1/2] (1.19ns)   --->   "%source_13_load = load i8 %source_13_addr" [./mars_wide_bus.h:2100]   --->   Operation 64 'load' 'source_13_load' <Predicate = (!icmp_ln2095)> <Delay = 1.19> <CoreInst = "RAM">   --->   Core 83 'RAM' <Latency = 1> <II = 1> <Delay = 1.19> <Storage> <Opcode : 'load' 'store'> <Ports = 2> <Width = 32> <Depth = 256> <RAM>
ST_3 : Operation 65 [1/2] (1.19ns)   --->   "%source_14_load = load i8 %source_14_addr" [./mars_wide_bus.h:2100]   --->   Operation 65 'load' 'source_14_load' <Predicate = (!icmp_ln2095)> <Delay = 1.19> <CoreInst = "RAM">   --->   Core 83 'RAM' <Latency = 1> <II = 1> <Delay = 1.19> <Storage> <Opcode : 'load' 'store'> <Ports = 2> <Width = 32> <Depth = 256> <RAM>
ST_3 : Operation 66 [1/2] (1.19ns)   --->   "%source_15_load = load i8 %source_15_addr" [./mars_wide_bus.h:2100]   --->   Operation 66 'load' 'source_15_load' <Predicate = (!icmp_ln2095)> <Delay = 1.19> <CoreInst = "RAM">   --->   Core 83 'RAM' <Latency = 1> <II = 1> <Delay = 1.19> <Storage> <Opcode : 'load' 'store'> <Ports = 2> <Width = 32> <Depth = 256> <RAM>

State 4 <SV = 3> <Delay = 2.06>
ST_4 : Operation 67 [1/1] (0.00ns)   --->   "%specpipeline_ln2058 = specpipeline void @_ssdm_op_SpecPipeline, i32 4294967295, i32 0, i32 0, i32 0, void @empty_7" [./mars_wide_bus.h:2058]   --->   Operation 67 'specpipeline' 'specpipeline_ln2058' <Predicate = (!icmp_ln2095)> <Delay = 0.00>
ST_4 : Operation 68 [1/1] (0.00ns)   --->   "%specloopname_ln2058 = specloopname void @_ssdm_op_SpecLoopName, void @empty_6" [./mars_wide_bus.h:2058]   --->   Operation 68 'specloopname' 'specloopname_ln2058' <Predicate = (!icmp_ln2095)> <Delay = 0.00>
ST_4 : Operation 69 [1/1] (0.00ns)   --->   "%bitcast_ln2101 = bitcast i32 %source_0_load" [./mars_wide_bus.h:2101]   --->   Operation 69 'bitcast' 'bitcast_ln2101' <Predicate = (!icmp_ln2095)> <Delay = 0.00>
ST_4 : Operation 70 [1/1] (0.00ns)   --->   "%bitcast_ln2101_1 = bitcast i32 %source_1_load" [./mars_wide_bus.h:2101]   --->   Operation 70 'bitcast' 'bitcast_ln2101_1' <Predicate = (!icmp_ln2095)> <Delay = 0.00>
ST_4 : Operation 71 [1/1] (0.00ns)   --->   "%bitcast_ln2101_2 = bitcast i32 %source_2_load" [./mars_wide_bus.h:2101]   --->   Operation 71 'bitcast' 'bitcast_ln2101_2' <Predicate = (!icmp_ln2095)> <Delay = 0.00>
ST_4 : Operation 72 [1/1] (0.00ns)   --->   "%bitcast_ln2101_3 = bitcast i32 %source_3_load" [./mars_wide_bus.h:2101]   --->   Operation 72 'bitcast' 'bitcast_ln2101_3' <Predicate = (!icmp_ln2095)> <Delay = 0.00>
ST_4 : Operation 73 [1/1] (0.00ns)   --->   "%bitcast_ln2101_4 = bitcast i32 %source_4_load" [./mars_wide_bus.h:2101]   --->   Operation 73 'bitcast' 'bitcast_ln2101_4' <Predicate = (!icmp_ln2095)> <Delay = 0.00>
ST_4 : Operation 74 [1/1] (0.00ns)   --->   "%bitcast_ln2101_5 = bitcast i32 %source_5_load" [./mars_wide_bus.h:2101]   --->   Operation 74 'bitcast' 'bitcast_ln2101_5' <Predicate = (!icmp_ln2095)> <Delay = 0.00>
ST_4 : Operation 75 [1/1] (0.00ns)   --->   "%bitcast_ln2101_6 = bitcast i32 %source_6_load" [./mars_wide_bus.h:2101]   --->   Operation 75 'bitcast' 'bitcast_ln2101_6' <Predicate = (!icmp_ln2095)> <Delay = 0.00>
ST_4 : Operation 76 [1/1] (0.00ns)   --->   "%bitcast_ln2101_7 = bitcast i32 %source_7_load" [./mars_wide_bus.h:2101]   --->   Operation 76 'bitcast' 'bitcast_ln2101_7' <Predicate = (!icmp_ln2095)> <Delay = 0.00>
ST_4 : Operation 77 [1/1] (0.00ns)   --->   "%bitcast_ln2101_8 = bitcast i32 %source_8_load" [./mars_wide_bus.h:2101]   --->   Operation 77 'bitcast' 'bitcast_ln2101_8' <Predicate = (!icmp_ln2095)> <Delay = 0.00>
ST_4 : Operation 78 [1/1] (0.00ns)   --->   "%bitcast_ln2101_9 = bitcast i32 %source_9_load" [./mars_wide_bus.h:2101]   --->   Operation 78 'bitcast' 'bitcast_ln2101_9' <Predicate = (!icmp_ln2095)> <Delay = 0.00>
ST_4 : Operation 79 [1/1] (0.00ns)   --->   "%bitcast_ln2101_10 = bitcast i32 %source_10_load" [./mars_wide_bus.h:2101]   --->   Operation 79 'bitcast' 'bitcast_ln2101_10' <Predicate = (!icmp_ln2095)> <Delay = 0.00>
ST_4 : Operation 80 [1/1] (0.00ns)   --->   "%bitcast_ln2101_11 = bitcast i32 %source_11_load" [./mars_wide_bus.h:2101]   --->   Operation 80 'bitcast' 'bitcast_ln2101_11' <Predicate = (!icmp_ln2095)> <Delay = 0.00>
ST_4 : Operation 81 [1/1] (0.00ns)   --->   "%bitcast_ln2101_12 = bitcast i32 %source_12_load" [./mars_wide_bus.h:2101]   --->   Operation 81 'bitcast' 'bitcast_ln2101_12' <Predicate = (!icmp_ln2095)> <Delay = 0.00>
ST_4 : Operation 82 [1/1] (0.00ns)   --->   "%bitcast_ln2101_13 = bitcast i32 %source_13_load" [./mars_wide_bus.h:2101]   --->   Operation 82 'bitcast' 'bitcast_ln2101_13' <Predicate = (!icmp_ln2095)> <Delay = 0.00>
ST_4 : Operation 83 [1/1] (0.00ns)   --->   "%bitcast_ln2101_14 = bitcast i32 %source_14_load" [./mars_wide_bus.h:2101]   --->   Operation 83 'bitcast' 'bitcast_ln2101_14' <Predicate = (!icmp_ln2095)> <Delay = 0.00>
ST_4 : Operation 84 [1/1] (0.00ns)   --->   "%bitcast_ln2101_15 = bitcast i32 %source_15_load" [./mars_wide_bus.h:2101]   --->   Operation 84 'bitcast' 'bitcast_ln2101_15' <Predicate = (!icmp_ln2095)> <Delay = 0.00>
ST_4 : Operation 85 [1/1] (0.00ns)   --->   "%p_Result_s = bitconcatenate i512 @_ssdm_op_BitConcatenate.i512.i32.i32.i32.i32.i32.i32.i32.i32.i32.i32.i32.i32.i32.i32.i32.i32, i32 %bitcast_ln2101_15, i32 %bitcast_ln2101_14, i32 %bitcast_ln2101_13, i32 %bitcast_ln2101_12, i32 %bitcast_ln2101_11, i32 %bitcast_ln2101_10, i32 %bitcast_ln2101_9, i32 %bitcast_ln2101_8, i32 %bitcast_ln2101_7, i32 %bitcast_ln2101_6, i32 %bitcast_ln2101_5, i32 %bitcast_ln2101_4, i32 %bitcast_ln2101_3, i32 %bitcast_ln2101_2, i32 %bitcast_ln2101_1, i32 %bitcast_ln2101"   --->   Operation 85 'bitconcatenate' 'p_Result_s' <Predicate = (!icmp_ln2095)> <Delay = 0.00>
ST_4 : Operation 86 [1/1] (0.00ns)   --->   "%shl_ln = bitconcatenate i14 @_ssdm_op_BitConcatenate.i14.i8.i6, i8 %trunc_ln2227, i6 0" [./mars_wide_bus.h:2227]   --->   Operation 86 'bitconcatenate' 'shl_ln' <Predicate = (!icmp_ln2095)> <Delay = 0.00>
ST_4 : Operation 87 [1/1] (0.00ns)   --->   "%zext_ln2227 = zext i14 %shl_ln" [./mars_wide_bus.h:2227]   --->   Operation 87 'zext' 'zext_ln2227' <Predicate = (!icmp_ln2095)> <Delay = 0.00>
ST_4 : Operation 88 [1/1] (0.80ns)   --->   "%add_ln2227 = add i21 %zext_ln2227, i21 %dest_cast" [./mars_wide_bus.h:2227]   --->   Operation 88 'add' 'add_ln2227' <Predicate = (!icmp_ln2095)> <Delay = 0.80> <CoreInst = "Adder">   --->   Core 1 'Adder' <Latency = 0> <II = 1> <Delay = 0.80> <FuncUnit> <Opcode : 'add' 'sub'> <InPorts = 2> <OutPorts = 1>
ST_4 : Operation 89 [1/1] (0.00ns)   --->   "%lshr_ln = partselect i15 @_ssdm_op_PartSelect.i15.i21.i32.i32, i21 %add_ln2227, i32 6, i32 20" [./mars_wide_bus.h:2227]   --->   Operation 89 'partselect' 'lshr_ln' <Predicate = (!icmp_ln2095)> <Delay = 0.00>
ST_4 : Operation 90 [1/1] (0.00ns)   --->   "%zext_ln2227_1 = zext i15 %lshr_ln" [./mars_wide_bus.h:2227]   --->   Operation 90 'zext' 'zext_ln2227_1' <Predicate = (!icmp_ln2095)> <Delay = 0.00>
ST_4 : Operation 91 [1/1] (0.00ns)   --->   "%result_addr = getelementptr i512 %result, i64 0, i64 %zext_ln2227_1" [./mars_wide_bus.h:2227]   --->   Operation 91 'getelementptr' 'result_addr' <Predicate = (!icmp_ln2095)> <Delay = 0.00>
ST_4 : Operation 92 [1/1] (1.25ns)   --->   "%store_ln2227 = store i512 %p_Result_s, i15 %result_addr" [./mars_wide_bus.h:2227]   --->   Operation 92 'store' 'store_ln2227' <Predicate = (!icmp_ln2095)> <Delay = 1.25> <CoreInst = "RAM">   --->   Core 83 'RAM' <Latency = 2> <II = 1> <Delay = 1.25> <Storage> <Opcode : 'load' 'store'> <Ports = 2> <Width = 512> <Depth = 32768> <RAM>
ST_4 : Operation 93 [1/1] (0.00ns)   --->   "%br_ln0 = br void %.preheader"   --->   Operation 93 'br' 'br_ln0' <Predicate = (!icmp_ln2095)> <Delay = 0.00>

State 5 <SV = 2> <Delay = 0.00>
ST_5 : Operation 94 [1/1] (0.00ns)   --->   "%br_ln0 = br void %_ZL27memcpy_wide_bus_write_floatP7ap_uintILi512EEPfmm.exit"   --->   Operation 94 'br' 'br_ln0' <Predicate = (store_flag_read)> <Delay = 0.00>
ST_5 : Operation 95 [1/1] (0.00ns)   --->   "%ret_ln121 = ret" [3dHLS.cpp:121]   --->   Operation 95 'ret' 'ret_ln121' <Predicate = true> <Delay = 0.00>


============================================================
+ Verbose Summary: Binding
============================================================
STG Binding: 
---------------- STG Properties BEGIN ----------------
- Is combinational: 0
- Is one-state seq: 0
- Is datapath-only: 0
- Is pipelined: 0
- Is top level: 0
Port [ Return ] is wired: 1; IO mode=ap_ctrl_hs:ce=0
Port [ result]:  wired=1; compound=1; hidden=0; nouse=0; global=0; static=0; extern=0; dir=1; type=1; pingpong=0; private_global=0; MemPort=[03]; IO mode=ap_memory:ce=0
Port [ store_flag]:  wired=1; compound=0; hidden=0; nouse=0; global=0; static=0; extern=0; dir=0; type=0; pingpong=0; private_global=0; IO mode=ap_none:ce=0
Port [ dest]:  wired=1; compound=0; hidden=0; nouse=0; global=0; static=0; extern=0; dir=0; type=0; pingpong=0; private_global=0; IO mode=ap_none:ce=0
Port [ source_0]:  wired=1; compound=1; hidden=0; nouse=0; global=0; static=0; extern=0; dir=0; type=1; pingpong=0; private_global=0; MemPort=[13]; IO mode=ap_memory:ce=0
Port [ source_1]:  wired=1; compound=1; hidden=0; nouse=0; global=0; static=0; extern=0; dir=0; type=1; pingpong=0; private_global=0; MemPort=[13]; IO mode=ap_memory:ce=0
Port [ source_2]:  wired=1; compound=1; hidden=0; nouse=0; global=0; static=0; extern=0; dir=0; type=1; pingpong=0; private_global=0; MemPort=[13]; IO mode=ap_memory:ce=0
Port [ source_3]:  wired=1; compound=1; hidden=0; nouse=0; global=0; static=0; extern=0; dir=0; type=1; pingpong=0; private_global=0; MemPort=[13]; IO mode=ap_memory:ce=0
Port [ source_4]:  wired=1; compound=1; hidden=0; nouse=0; global=0; static=0; extern=0; dir=0; type=1; pingpong=0; private_global=0; MemPort=[13]; IO mode=ap_memory:ce=0
Port [ source_5]:  wired=1; compound=1; hidden=0; nouse=0; global=0; static=0; extern=0; dir=0; type=1; pingpong=0; private_global=0; MemPort=[13]; IO mode=ap_memory:ce=0
Port [ source_6]:  wired=1; compound=1; hidden=0; nouse=0; global=0; static=0; extern=0; dir=0; type=1; pingpong=0; private_global=0; MemPort=[13]; IO mode=ap_memory:ce=0
Port [ source_7]:  wired=1; compound=1; hidden=0; nouse=0; global=0; static=0; extern=0; dir=0; type=1; pingpong=0; private_global=0; MemPort=[13]; IO mode=ap_memory:ce=0
Port [ source_8]:  wired=1; compound=1; hidden=0; nouse=0; global=0; static=0; extern=0; dir=0; type=1; pingpong=0; private_global=0; MemPort=[13]; IO mode=ap_memory:ce=0
Port [ source_9]:  wired=1; compound=1; hidden=0; nouse=0; global=0; static=0; extern=0; dir=0; type=1; pingpong=0; private_global=0; MemPort=[13]; IO mode=ap_memory:ce=0
Port [ source_10]:  wired=1; compound=1; hidden=0; nouse=0; global=0; static=0; extern=0; dir=0; type=1; pingpong=0; private_global=0; MemPort=[13]; IO mode=ap_memory:ce=0
Port [ source_11]:  wired=1; compound=1; hidden=0; nouse=0; global=0; static=0; extern=0; dir=0; type=1; pingpong=0; private_global=0; MemPort=[13]; IO mode=ap_memory:ce=0
Port [ source_12]:  wired=1; compound=1; hidden=0; nouse=0; global=0; static=0; extern=0; dir=0; type=1; pingpong=0; private_global=0; MemPort=[13]; IO mode=ap_memory:ce=0
Port [ source_13]:  wired=1; compound=1; hidden=0; nouse=0; global=0; static=0; extern=0; dir=0; type=1; pingpong=0; private_global=0; MemPort=[13]; IO mode=ap_memory:ce=0
Port [ source_14]:  wired=1; compound=1; hidden=0; nouse=0; global=0; static=0; extern=0; dir=0; type=1; pingpong=0; private_global=0; MemPort=[13]; IO mode=ap_memory:ce=0
Port [ source_15]:  wired=1; compound=1; hidden=0; nouse=0; global=0; static=0; extern=0; dir=0; type=1; pingpong=0; private_global=0; MemPort=[13]; IO mode=ap_memory:ce=0
---------------- STG Properties END ------------------

---------------- Datapath Model BEGIN ----------------

<LifeTime>
<method=bitvector/>
dest_read           (read             ) [ 000000]
store_flag_read     (read             ) [ 011111]
dest_cast           (sext             ) [ 001110]
specinterface_ln0   (specinterface    ) [ 000000]
br_ln119            (br               ) [ 000000]
br_ln2095           (br               ) [ 011110]
i                   (phi              ) [ 001000]
i_2                 (add              ) [ 011110]
icmp_ln2095         (icmp             ) [ 001110]
empty               (speclooptripcount) [ 000000]
br_ln2095           (br               ) [ 000000]
zext_ln2095         (zext             ) [ 000000]
source_0_addr       (getelementptr    ) [ 001100]
source_1_addr       (getelementptr    ) [ 001100]
source_2_addr       (getelementptr    ) [ 001100]
source_3_addr       (getelementptr    ) [ 001100]
source_4_addr       (getelementptr    ) [ 001100]
source_5_addr       (getelementptr    ) [ 001100]
source_6_addr       (getelementptr    ) [ 001100]
source_7_addr       (getelementptr    ) [ 001100]
source_8_addr       (getelementptr    ) [ 001100]
source_9_addr       (getelementptr    ) [ 001100]
source_10_addr      (getelementptr    ) [ 001100]
source_11_addr      (getelementptr    ) [ 001100]
source_12_addr      (getelementptr    ) [ 001100]
source_13_addr      (getelementptr    ) [ 001100]
source_14_addr      (getelementptr    ) [ 001100]
source_15_addr      (getelementptr    ) [ 001100]
trunc_ln2227        (trunc            ) [ 001110]
source_0_load       (load             ) [ 001010]
source_1_load       (load             ) [ 001010]
source_2_load       (load             ) [ 001010]
source_3_load       (load             ) [ 001010]
source_4_load       (load             ) [ 001010]
source_5_load       (load             ) [ 001010]
source_6_load       (load             ) [ 001010]
source_7_load       (load             ) [ 001010]
source_8_load       (load             ) [ 001010]
source_9_load       (load             ) [ 001010]
source_10_load      (load             ) [ 001010]
source_11_load      (load             ) [ 001010]
source_12_load      (load             ) [ 001010]
source_13_load      (load             ) [ 001010]
source_14_load      (load             ) [ 001010]
source_15_load      (load             ) [ 001010]
specpipeline_ln2058 (specpipeline     ) [ 000000]
specloopname_ln2058 (specloopname     ) [ 000000]
bitcast_ln2101      (bitcast          ) [ 000000]
bitcast_ln2101_1    (bitcast          ) [ 000000]
bitcast_ln2101_2    (bitcast          ) [ 000000]
bitcast_ln2101_3    (bitcast          ) [ 000000]
bitcast_ln2101_4    (bitcast          ) [ 000000]
bitcast_ln2101_5    (bitcast          ) [ 000000]
bitcast_ln2101_6    (bitcast          ) [ 000000]
bitcast_ln2101_7    (bitcast          ) [ 000000]
bitcast_ln2101_8    (bitcast          ) [ 000000]
bitcast_ln2101_9    (bitcast          ) [ 000000]
bitcast_ln2101_10   (bitcast          ) [ 000000]
bitcast_ln2101_11   (bitcast          ) [ 000000]
bitcast_ln2101_12   (bitcast          ) [ 000000]
bitcast_ln2101_13   (bitcast          ) [ 000000]
bitcast_ln2101_14   (bitcast          ) [ 000000]
bitcast_ln2101_15   (bitcast          ) [ 000000]
p_Result_s          (bitconcatenate   ) [ 000000]
shl_ln              (bitconcatenate   ) [ 000000]
zext_ln2227         (zext             ) [ 000000]
add_ln2227          (add              ) [ 000000]
lshr_ln             (partselect       ) [ 000000]
zext_ln2227_1       (zext             ) [ 000000]
result_addr         (getelementptr    ) [ 000000]
store_ln2227        (store            ) [ 000000]
br_ln0              (br               ) [ 011110]
br_ln0              (br               ) [ 000000]
ret_ln121           (ret              ) [ 000000]
</LifeTime>

<model>

<comp_list>
<comp id="0" class="1000" name="result">
<pin_list>
<pin id="1" dir="1" index="0" bw="1" slack="0"/>
</pin_list>
<bind>
<StgValue><ssdm name="result"/><MemPortTyVec>0 3 </MemPortTyVec>
</StgValue>
</bind>
</comp>

<comp id="2" class="1000" name="store_flag">
<pin_list>
<pin id="3" dir="1" index="0" bw="1" slack="0"/>
</pin_list>
<bind>
<StgValue><ssdm name="store_flag"/></StgValue>
</bind>
</comp>

<comp id="4" class="1000" name="dest">
<pin_list>
<pin id="5" dir="1" index="0" bw="1" slack="0"/>
</pin_list>
<bind>
<StgValue><ssdm name="dest"/></StgValue>
</bind>
</comp>

<comp id="6" class="1000" name="source_0">
<pin_list>
<pin id="7" dir="1" index="0" bw="1" slack="0"/>
</pin_list>
<bind>
<StgValue><ssdm name="source_0"/><MemPortTyVec>1 3 </MemPortTyVec>
</StgValue>
</bind>
</comp>

<comp id="8" class="1000" name="source_1">
<pin_list>
<pin id="9" dir="1" index="0" bw="1" slack="0"/>
</pin_list>
<bind>
<StgValue><ssdm name="source_1"/><MemPortTyVec>1 3 </MemPortTyVec>
</StgValue>
</bind>
</comp>

<comp id="10" class="1000" name="source_2">
<pin_list>
<pin id="11" dir="1" index="0" bw="1" slack="0"/>
</pin_list>
<bind>
<StgValue><ssdm name="source_2"/><MemPortTyVec>1 3 </MemPortTyVec>
</StgValue>
</bind>
</comp>

<comp id="12" class="1000" name="source_3">
<pin_list>
<pin id="13" dir="1" index="0" bw="1" slack="0"/>
</pin_list>
<bind>
<StgValue><ssdm name="source_3"/><MemPortTyVec>1 3 </MemPortTyVec>
</StgValue>
</bind>
</comp>

<comp id="14" class="1000" name="source_4">
<pin_list>
<pin id="15" dir="1" index="0" bw="1" slack="0"/>
</pin_list>
<bind>
<StgValue><ssdm name="source_4"/><MemPortTyVec>1 3 </MemPortTyVec>
</StgValue>
</bind>
</comp>

<comp id="16" class="1000" name="source_5">
<pin_list>
<pin id="17" dir="1" index="0" bw="1" slack="0"/>
</pin_list>
<bind>
<StgValue><ssdm name="source_5"/><MemPortTyVec>1 3 </MemPortTyVec>
</StgValue>
</bind>
</comp>

<comp id="18" class="1000" name="source_6">
<pin_list>
<pin id="19" dir="1" index="0" bw="1" slack="0"/>
</pin_list>
<bind>
<StgValue><ssdm name="source_6"/><MemPortTyVec>1 3 </MemPortTyVec>
</StgValue>
</bind>
</comp>

<comp id="20" class="1000" name="source_7">
<pin_list>
<pin id="21" dir="1" index="0" bw="1" slack="0"/>
</pin_list>
<bind>
<StgValue><ssdm name="source_7"/><MemPortTyVec>1 3 </MemPortTyVec>
</StgValue>
</bind>
</comp>

<comp id="22" class="1000" name="source_8">
<pin_list>
<pin id="23" dir="1" index="0" bw="1" slack="0"/>
</pin_list>
<bind>
<StgValue><ssdm name="source_8"/><MemPortTyVec>1 3 </MemPortTyVec>
</StgValue>
</bind>
</comp>

<comp id="24" class="1000" name="source_9">
<pin_list>
<pin id="25" dir="1" index="0" bw="1" slack="0"/>
</pin_list>
<bind>
<StgValue><ssdm name="source_9"/><MemPortTyVec>1 3 </MemPortTyVec>
</StgValue>
</bind>
</comp>

<comp id="26" class="1000" name="source_10">
<pin_list>
<pin id="27" dir="1" index="0" bw="1" slack="0"/>
</pin_list>
<bind>
<StgValue><ssdm name="source_10"/><MemPortTyVec>1 3 </MemPortTyVec>
</StgValue>
</bind>
</comp>

<comp id="28" class="1000" name="source_11">
<pin_list>
<pin id="29" dir="1" index="0" bw="1" slack="0"/>
</pin_list>
<bind>
<StgValue><ssdm name="source_11"/><MemPortTyVec>1 3 </MemPortTyVec>
</StgValue>
</bind>
</comp>

<comp id="30" class="1000" name="source_12">
<pin_list>
<pin id="31" dir="1" index="0" bw="1" slack="0"/>
</pin_list>
<bind>
<StgValue><ssdm name="source_12"/><MemPortTyVec>1 3 </MemPortTyVec>
</StgValue>
</bind>
</comp>

<comp id="32" class="1000" name="source_13">
<pin_list>
<pin id="33" dir="1" index="0" bw="1" slack="0"/>
</pin_list>
<bind>
<StgValue><ssdm name="source_13"/><MemPortTyVec>1 3 </MemPortTyVec>
</StgValue>
</bind>
</comp>

<comp id="34" class="1000" name="source_14">
<pin_list>
<pin id="35" dir="1" index="0" bw="1" slack="0"/>
</pin_list>
<bind>
<StgValue><ssdm name="source_14"/><MemPortTyVec>1 3 </MemPortTyVec>
</StgValue>
</bind>
</comp>

<comp id="36" class="1000" name="source_15">
<pin_list>
<pin id="37" dir="1" index="0" bw="1" slack="0"/>
</pin_list>
<bind>
<StgValue><ssdm name="source_15"/><MemPortTyVec>1 3 </MemPortTyVec>
</StgValue>
</bind>
</comp>

<comp id="38" class="1001" name="const_38">
<pin_list>
<pin id="39" dir="1" index="0" bw="1" slack="0"/>
</pin_list>
<bind>
<StgValue><ssdm name="_ssdm_op_Read.ap_auto.i20"/></StgValue>
</bind>
</comp>

<comp id="40" class="1001" name="const_40">
<pin_list>
<pin id="41" dir="1" index="0" bw="1" slack="0"/>
</pin_list>
<bind>
<StgValue><ssdm name="_ssdm_op_Read.ap_auto.i1"/></StgValue>
</bind>
</comp>

<comp id="42" class="1001" name="const_42">
<pin_list>
<pin id="43" dir="1" index="0" bw="1" slack="2147483647"/>
</pin_list>
<bind>
<StgValue><ssdm name="_ssdm_op_SpecInterface"/></StgValue>
</bind>
</comp>

<comp id="44" class="1001" name="const_44">
<pin_list>
<pin id="45" dir="1" index="0" bw="1" slack="2147483647"/>
</pin_list>
<bind>
<StgValue><ssdm name="empty"/></StgValue>
</bind>
</comp>

<comp id="46" class="1001" name="const_46">
<pin_list>
<pin id="47" dir="1" index="0" bw="1" slack="2147483647"/>
</pin_list>
<bind>
<StgValue><ssdm name=""/></StgValue>
</bind>
</comp>

<comp id="48" class="1001" name="const_48">
<pin_list>
<pin id="49" dir="1" index="0" bw="1" slack="2147483647"/>
</pin_list>
<bind>
<StgValue><ssdm name="empty_7"/></StgValue>
</bind>
</comp>

<comp id="50" class="1001" name="const_50">
<pin_list>
<pin id="51" dir="1" index="0" bw="1" slack="2147483647"/>
</pin_list>
<bind>
<StgValue><ssdm name=""/></StgValue>
</bind>
</comp>

<comp id="52" class="1001" name="const_52">
<pin_list>
<pin id="53" dir="1" index="0" bw="1" slack="1"/>
</pin_list>
<bind>
<StgValue><ssdm name=""/></StgValue>
</bind>
</comp>

<comp id="54" class="1001" name="const_54">
<pin_list>
<pin id="55" dir="1" index="0" bw="1" slack="0"/>
</pin_list>
<bind>
<StgValue><ssdm name=""/></StgValue>
</bind>
</comp>

<comp id="56" class="1001" name="const_56">
<pin_list>
<pin id="57" dir="1" index="0" bw="1" slack="0"/>
</pin_list>
<bind>
<StgValue><ssdm name=""/></StgValue>
</bind>
</comp>

<comp id="58" class="1001" name="const_58">
<pin_list>
<pin id="59" dir="1" index="0" bw="1" slack="2147483647"/>
</pin_list>
<bind>
<StgValue><ssdm name="_ssdm_op_SpecLoopTripCount"/></StgValue>
</bind>
</comp>

<comp id="60" class="1001" name="const_60">
<pin_list>
<pin id="61" dir="1" index="0" bw="1" slack="2147483647"/>
</pin_list>
<bind>
<StgValue><ssdm name=""/></StgValue>
</bind>
</comp>

<comp id="62" class="1001" name="const_62">
<pin_list>
<pin id="63" dir="1" index="0" bw="1" slack="0"/>
</pin_list>
<bind>
<StgValue><ssdm name=""/></StgValue>
</bind>
</comp>

<comp id="64" class="1001" name="const_64">
<pin_list>
<pin id="65" dir="1" index="0" bw="1" slack="2147483647"/>
</pin_list>
<bind>
<StgValue><ssdm name="_ssdm_op_SpecPipeline"/></StgValue>
</bind>
</comp>

<comp id="66" class="1001" name="const_66">
<pin_list>
<pin id="67" dir="1" index="0" bw="1" slack="2147483647"/>
</pin_list>
<bind>
<StgValue><ssdm name="_ssdm_op_SpecLoopName"/></StgValue>
</bind>
</comp>

<comp id="68" class="1001" name="const_68">
<pin_list>
<pin id="69" dir="1" index="0" bw="1" slack="2147483647"/>
</pin_list>
<bind>
<StgValue><ssdm name="empty_6"/></StgValue>
</bind>
</comp>

<comp id="70" class="1001" name="const_70">
<pin_list>
<pin id="71" dir="1" index="0" bw="1" slack="0"/>
</pin_list>
<bind>
<StgValue><ssdm name="_ssdm_op_BitConcatenate.i512.i32.i32.i32.i32.i32.i32.i32.i32.i32.i32.i32.i32.i32.i32.i32.i32"/></StgValue>
</bind>
</comp>

<comp id="72" class="1001" name="const_72">
<pin_list>
<pin id="73" dir="1" index="0" bw="1" slack="0"/>
</pin_list>
<bind>
<StgValue><ssdm name="_ssdm_op_BitConcatenate.i14.i8.i6"/></StgValue>
</bind>
</comp>

<comp id="74" class="1001" name="const_74">
<pin_list>
<pin id="75" dir="1" index="0" bw="1" slack="0"/>
</pin_list>
<bind>
<StgValue><ssdm name=""/></StgValue>
</bind>
</comp>

<comp id="76" class="1001" name="const_76">
<pin_list>
<pin id="77" dir="1" index="0" bw="1" slack="0"/>
</pin_list>
<bind>
<StgValue><ssdm name="_ssdm_op_PartSelect.i15.i21.i32.i32"/></StgValue>
</bind>
</comp>

<comp id="78" class="1001" name="const_78">
<pin_list>
<pin id="79" dir="1" index="0" bw="1" slack="0"/>
</pin_list>
<bind>
<StgValue><ssdm name=""/></StgValue>
</bind>
</comp>

<comp id="80" class="1001" name="const_80">
<pin_list>
<pin id="81" dir="1" index="0" bw="1" slack="0"/>
</pin_list>
<bind>
<StgValue><ssdm name=""/></StgValue>
</bind>
</comp>

<comp id="82" class="1004" name="dest_read_read_fu_82">
<pin_list>
<pin id="83" dir="0" index="0" bw="20" slack="0"/>
<pin id="84" dir="0" index="1" bw="20" slack="0"/>
<pin id="85" dir="1" index="2" bw="20" slack="0"/>
</pin_list>
<bind>
<opcode="read(1150) " fcode="read"/>
<opset="dest_read/1 "/>
</bind>
</comp>

<comp id="88" class="1004" name="store_flag_read_read_fu_88">
<pin_list>
<pin id="89" dir="0" index="0" bw="1" slack="0"/>
<pin id="90" dir="0" index="1" bw="1" slack="0"/>
<pin id="91" dir="1" index="2" bw="1" slack="1"/>
</pin_list>
<bind>
<opcode="read(1150) " fcode="read"/>
<opset="store_flag_read/1 "/>
</bind>
</comp>

<comp id="94" class="1004" name="source_0_addr_gep_fu_94">
<pin_list>
<pin id="95" dir="0" index="0" bw="32" slack="0"/>
<pin id="96" dir="0" index="1" bw="1" slack="0"/>
<pin id="97" dir="0" index="2" bw="9" slack="0"/>
<pin id="98" dir="1" index="3" bw="8" slack="0"/>
</pin_list>
<bind>
<opcode="getelementptr(29) " fcode="getelementptr"/>
<opset="source_0_addr/2 "/>
</bind>
</comp>

<comp id="101" class="1004" name="grp_access_fu_101">
<pin_list>
<pin id="102" dir="0" index="0" bw="8" slack="0"/>
<pin id="103" dir="0" index="1" bw="32" slack="2147483647"/>
<pin id="104" dir="0" index="2" bw="0" slack="2147483647"/>
<pin id="105" dir="1" index="3" bw="32" slack="1"/>
</pin_list>
<bind>
<opcode="load(27) " fcode="load"/>
<opset="source_0_load/2 "/>
</bind>
</comp>

<comp id="107" class="1004" name="source_1_addr_gep_fu_107">
<pin_list>
<pin id="108" dir="0" index="0" bw="32" slack="0"/>
<pin id="109" dir="0" index="1" bw="1" slack="0"/>
<pin id="110" dir="0" index="2" bw="9" slack="0"/>
<pin id="111" dir="1" index="3" bw="8" slack="0"/>
</pin_list>
<bind>
<opcode="getelementptr(29) " fcode="getelementptr"/>
<opset="source_1_addr/2 "/>
</bind>
</comp>

<comp id="114" class="1004" name="grp_access_fu_114">
<pin_list>
<pin id="115" dir="0" index="0" bw="8" slack="0"/>
<pin id="116" dir="0" index="1" bw="32" slack="2147483647"/>
<pin id="117" dir="0" index="2" bw="0" slack="2147483647"/>
<pin id="118" dir="1" index="3" bw="32" slack="1"/>
</pin_list>
<bind>
<opcode="load(27) " fcode="load"/>
<opset="source_1_load/2 "/>
</bind>
</comp>

<comp id="120" class="1004" name="source_2_addr_gep_fu_120">
<pin_list>
<pin id="121" dir="0" index="0" bw="32" slack="0"/>
<pin id="122" dir="0" index="1" bw="1" slack="0"/>
<pin id="123" dir="0" index="2" bw="9" slack="0"/>
<pin id="124" dir="1" index="3" bw="8" slack="0"/>
</pin_list>
<bind>
<opcode="getelementptr(29) " fcode="getelementptr"/>
<opset="source_2_addr/2 "/>
</bind>
</comp>

<comp id="127" class="1004" name="grp_access_fu_127">
<pin_list>
<pin id="128" dir="0" index="0" bw="8" slack="0"/>
<pin id="129" dir="0" index="1" bw="32" slack="2147483647"/>
<pin id="130" dir="0" index="2" bw="0" slack="2147483647"/>
<pin id="131" dir="1" index="3" bw="32" slack="1"/>
</pin_list>
<bind>
<opcode="load(27) " fcode="load"/>
<opset="source_2_load/2 "/>
</bind>
</comp>

<comp id="133" class="1004" name="source_3_addr_gep_fu_133">
<pin_list>
<pin id="134" dir="0" index="0" bw="32" slack="0"/>
<pin id="135" dir="0" index="1" bw="1" slack="0"/>
<pin id="136" dir="0" index="2" bw="9" slack="0"/>
<pin id="137" dir="1" index="3" bw="8" slack="0"/>
</pin_list>
<bind>
<opcode="getelementptr(29) " fcode="getelementptr"/>
<opset="source_3_addr/2 "/>
</bind>
</comp>

<comp id="140" class="1004" name="grp_access_fu_140">
<pin_list>
<pin id="141" dir="0" index="0" bw="8" slack="0"/>
<pin id="142" dir="0" index="1" bw="32" slack="2147483647"/>
<pin id="143" dir="0" index="2" bw="0" slack="2147483647"/>
<pin id="144" dir="1" index="3" bw="32" slack="1"/>
</pin_list>
<bind>
<opcode="load(27) " fcode="load"/>
<opset="source_3_load/2 "/>
</bind>
</comp>

<comp id="146" class="1004" name="source_4_addr_gep_fu_146">
<pin_list>
<pin id="147" dir="0" index="0" bw="32" slack="0"/>
<pin id="148" dir="0" index="1" bw="1" slack="0"/>
<pin id="149" dir="0" index="2" bw="9" slack="0"/>
<pin id="150" dir="1" index="3" bw="8" slack="0"/>
</pin_list>
<bind>
<opcode="getelementptr(29) " fcode="getelementptr"/>
<opset="source_4_addr/2 "/>
</bind>
</comp>

<comp id="153" class="1004" name="grp_access_fu_153">
<pin_list>
<pin id="154" dir="0" index="0" bw="8" slack="0"/>
<pin id="155" dir="0" index="1" bw="32" slack="2147483647"/>
<pin id="156" dir="0" index="2" bw="0" slack="2147483647"/>
<pin id="157" dir="1" index="3" bw="32" slack="1"/>
</pin_list>
<bind>
<opcode="load(27) " fcode="load"/>
<opset="source_4_load/2 "/>
</bind>
</comp>

<comp id="159" class="1004" name="source_5_addr_gep_fu_159">
<pin_list>
<pin id="160" dir="0" index="0" bw="32" slack="0"/>
<pin id="161" dir="0" index="1" bw="1" slack="0"/>
<pin id="162" dir="0" index="2" bw="9" slack="0"/>
<pin id="163" dir="1" index="3" bw="8" slack="0"/>
</pin_list>
<bind>
<opcode="getelementptr(29) " fcode="getelementptr"/>
<opset="source_5_addr/2 "/>
</bind>
</comp>

<comp id="166" class="1004" name="grp_access_fu_166">
<pin_list>
<pin id="167" dir="0" index="0" bw="8" slack="0"/>
<pin id="168" dir="0" index="1" bw="32" slack="2147483647"/>
<pin id="169" dir="0" index="2" bw="0" slack="2147483647"/>
<pin id="170" dir="1" index="3" bw="32" slack="1"/>
</pin_list>
<bind>
<opcode="load(27) " fcode="load"/>
<opset="source_5_load/2 "/>
</bind>
</comp>

<comp id="172" class="1004" name="source_6_addr_gep_fu_172">
<pin_list>
<pin id="173" dir="0" index="0" bw="32" slack="0"/>
<pin id="174" dir="0" index="1" bw="1" slack="0"/>
<pin id="175" dir="0" index="2" bw="9" slack="0"/>
<pin id="176" dir="1" index="3" bw="8" slack="0"/>
</pin_list>
<bind>
<opcode="getelementptr(29) " fcode="getelementptr"/>
<opset="source_6_addr/2 "/>
</bind>
</comp>

<comp id="179" class="1004" name="grp_access_fu_179">
<pin_list>
<pin id="180" dir="0" index="0" bw="8" slack="0"/>
<pin id="181" dir="0" index="1" bw="32" slack="2147483647"/>
<pin id="182" dir="0" index="2" bw="0" slack="2147483647"/>
<pin id="183" dir="1" index="3" bw="32" slack="1"/>
</pin_list>
<bind>
<opcode="load(27) " fcode="load"/>
<opset="source_6_load/2 "/>
</bind>
</comp>

<comp id="185" class="1004" name="source_7_addr_gep_fu_185">
<pin_list>
<pin id="186" dir="0" index="0" bw="32" slack="0"/>
<pin id="187" dir="0" index="1" bw="1" slack="0"/>
<pin id="188" dir="0" index="2" bw="9" slack="0"/>
<pin id="189" dir="1" index="3" bw="8" slack="0"/>
</pin_list>
<bind>
<opcode="getelementptr(29) " fcode="getelementptr"/>
<opset="source_7_addr/2 "/>
</bind>
</comp>

<comp id="192" class="1004" name="grp_access_fu_192">
<pin_list>
<pin id="193" dir="0" index="0" bw="8" slack="0"/>
<pin id="194" dir="0" index="1" bw="32" slack="2147483647"/>
<pin id="195" dir="0" index="2" bw="0" slack="2147483647"/>
<pin id="196" dir="1" index="3" bw="32" slack="1"/>
</pin_list>
<bind>
<opcode="load(27) " fcode="load"/>
<opset="source_7_load/2 "/>
</bind>
</comp>

<comp id="198" class="1004" name="source_8_addr_gep_fu_198">
<pin_list>
<pin id="199" dir="0" index="0" bw="32" slack="0"/>
<pin id="200" dir="0" index="1" bw="1" slack="0"/>
<pin id="201" dir="0" index="2" bw="9" slack="0"/>
<pin id="202" dir="1" index="3" bw="8" slack="0"/>
</pin_list>
<bind>
<opcode="getelementptr(29) " fcode="getelementptr"/>
<opset="source_8_addr/2 "/>
</bind>
</comp>

<comp id="205" class="1004" name="grp_access_fu_205">
<pin_list>
<pin id="206" dir="0" index="0" bw="8" slack="0"/>
<pin id="207" dir="0" index="1" bw="32" slack="2147483647"/>
<pin id="208" dir="0" index="2" bw="0" slack="2147483647"/>
<pin id="209" dir="1" index="3" bw="32" slack="1"/>
</pin_list>
<bind>
<opcode="load(27) " fcode="load"/>
<opset="source_8_load/2 "/>
</bind>
</comp>

<comp id="211" class="1004" name="source_9_addr_gep_fu_211">
<pin_list>
<pin id="212" dir="0" index="0" bw="32" slack="0"/>
<pin id="213" dir="0" index="1" bw="1" slack="0"/>
<pin id="214" dir="0" index="2" bw="9" slack="0"/>
<pin id="215" dir="1" index="3" bw="8" slack="0"/>
</pin_list>
<bind>
<opcode="getelementptr(29) " fcode="getelementptr"/>
<opset="source_9_addr/2 "/>
</bind>
</comp>

<comp id="218" class="1004" name="grp_access_fu_218">
<pin_list>
<pin id="219" dir="0" index="0" bw="8" slack="0"/>
<pin id="220" dir="0" index="1" bw="32" slack="2147483647"/>
<pin id="221" dir="0" index="2" bw="0" slack="2147483647"/>
<pin id="222" dir="1" index="3" bw="32" slack="1"/>
</pin_list>
<bind>
<opcode="load(27) " fcode="load"/>
<opset="source_9_load/2 "/>
</bind>
</comp>

<comp id="224" class="1004" name="source_10_addr_gep_fu_224">
<pin_list>
<pin id="225" dir="0" index="0" bw="32" slack="0"/>
<pin id="226" dir="0" index="1" bw="1" slack="0"/>
<pin id="227" dir="0" index="2" bw="9" slack="0"/>
<pin id="228" dir="1" index="3" bw="8" slack="0"/>
</pin_list>
<bind>
<opcode="getelementptr(29) " fcode="getelementptr"/>
<opset="source_10_addr/2 "/>
</bind>
</comp>

<comp id="231" class="1004" name="grp_access_fu_231">
<pin_list>
<pin id="232" dir="0" index="0" bw="8" slack="0"/>
<pin id="233" dir="0" index="1" bw="32" slack="2147483647"/>
<pin id="234" dir="0" index="2" bw="0" slack="2147483647"/>
<pin id="235" dir="1" index="3" bw="32" slack="1"/>
</pin_list>
<bind>
<opcode="load(27) " fcode="load"/>
<opset="source_10_load/2 "/>
</bind>
</comp>

<comp id="237" class="1004" name="source_11_addr_gep_fu_237">
<pin_list>
<pin id="238" dir="0" index="0" bw="32" slack="0"/>
<pin id="239" dir="0" index="1" bw="1" slack="0"/>
<pin id="240" dir="0" index="2" bw="9" slack="0"/>
<pin id="241" dir="1" index="3" bw="8" slack="0"/>
</pin_list>
<bind>
<opcode="getelementptr(29) " fcode="getelementptr"/>
<opset="source_11_addr/2 "/>
</bind>
</comp>

<comp id="244" class="1004" name="grp_access_fu_244">
<pin_list>
<pin id="245" dir="0" index="0" bw="8" slack="0"/>
<pin id="246" dir="0" index="1" bw="32" slack="2147483647"/>
<pin id="247" dir="0" index="2" bw="0" slack="2147483647"/>
<pin id="248" dir="1" index="3" bw="32" slack="1"/>
</pin_list>
<bind>
<opcode="load(27) " fcode="load"/>
<opset="source_11_load/2 "/>
</bind>
</comp>

<comp id="250" class="1004" name="source_12_addr_gep_fu_250">
<pin_list>
<pin id="251" dir="0" index="0" bw="32" slack="0"/>
<pin id="252" dir="0" index="1" bw="1" slack="0"/>
<pin id="253" dir="0" index="2" bw="9" slack="0"/>
<pin id="254" dir="1" index="3" bw="8" slack="0"/>
</pin_list>
<bind>
<opcode="getelementptr(29) " fcode="getelementptr"/>
<opset="source_12_addr/2 "/>
</bind>
</comp>

<comp id="257" class="1004" name="grp_access_fu_257">
<pin_list>
<pin id="258" dir="0" index="0" bw="8" slack="0"/>
<pin id="259" dir="0" index="1" bw="32" slack="2147483647"/>
<pin id="260" dir="0" index="2" bw="0" slack="2147483647"/>
<pin id="261" dir="1" index="3" bw="32" slack="1"/>
</pin_list>
<bind>
<opcode="load(27) " fcode="load"/>
<opset="source_12_load/2 "/>
</bind>
</comp>

<comp id="263" class="1004" name="source_13_addr_gep_fu_263">
<pin_list>
<pin id="264" dir="0" index="0" bw="32" slack="0"/>
<pin id="265" dir="0" index="1" bw="1" slack="0"/>
<pin id="266" dir="0" index="2" bw="9" slack="0"/>
<pin id="267" dir="1" index="3" bw="8" slack="0"/>
</pin_list>
<bind>
<opcode="getelementptr(29) " fcode="getelementptr"/>
<opset="source_13_addr/2 "/>
</bind>
</comp>

<comp id="270" class="1004" name="grp_access_fu_270">
<pin_list>
<pin id="271" dir="0" index="0" bw="8" slack="0"/>
<pin id="272" dir="0" index="1" bw="32" slack="2147483647"/>
<pin id="273" dir="0" index="2" bw="0" slack="2147483647"/>
<pin id="274" dir="1" index="3" bw="32" slack="1"/>
</pin_list>
<bind>
<opcode="load(27) " fcode="load"/>
<opset="source_13_load/2 "/>
</bind>
</comp>

<comp id="276" class="1004" name="source_14_addr_gep_fu_276">
<pin_list>
<pin id="277" dir="0" index="0" bw="32" slack="0"/>
<pin id="278" dir="0" index="1" bw="1" slack="0"/>
<pin id="279" dir="0" index="2" bw="9" slack="0"/>
<pin id="280" dir="1" index="3" bw="8" slack="0"/>
</pin_list>
<bind>
<opcode="getelementptr(29) " fcode="getelementptr"/>
<opset="source_14_addr/2 "/>
</bind>
</comp>

<comp id="283" class="1004" name="grp_access_fu_283">
<pin_list>
<pin id="284" dir="0" index="0" bw="8" slack="0"/>
<pin id="285" dir="0" index="1" bw="32" slack="2147483647"/>
<pin id="286" dir="0" index="2" bw="0" slack="2147483647"/>
<pin id="287" dir="1" index="3" bw="32" slack="1"/>
</pin_list>
<bind>
<opcode="load(27) " fcode="load"/>
<opset="source_14_load/2 "/>
</bind>
</comp>

<comp id="289" class="1004" name="source_15_addr_gep_fu_289">
<pin_list>
<pin id="290" dir="0" index="0" bw="32" slack="0"/>
<pin id="291" dir="0" index="1" bw="1" slack="0"/>
<pin id="292" dir="0" index="2" bw="9" slack="0"/>
<pin id="293" dir="1" index="3" bw="8" slack="0"/>
</pin_list>
<bind>
<opcode="getelementptr(29) " fcode="getelementptr"/>
<opset="source_15_addr/2 "/>
</bind>
</comp>

<comp id="296" class="1004" name="grp_access_fu_296">
<pin_list>
<pin id="297" dir="0" index="0" bw="8" slack="0"/>
<pin id="298" dir="0" index="1" bw="32" slack="2147483647"/>
<pin id="299" dir="0" index="2" bw="0" slack="2147483647"/>
<pin id="300" dir="1" index="3" bw="32" slack="1"/>
</pin_list>
<bind>
<opcode="load(27) " fcode="load"/>
<opset="source_15_load/2 "/>
</bind>
</comp>

<comp id="302" class="1004" name="result_addr_gep_fu_302">
<pin_list>
<pin id="303" dir="0" index="0" bw="512" slack="0"/>
<pin id="304" dir="0" index="1" bw="1" slack="0"/>
<pin id="305" dir="0" index="2" bw="15" slack="0"/>
<pin id="306" dir="1" index="3" bw="15" slack="0"/>
</pin_list>
<bind>
<opcode="getelementptr(29) " fcode="getelementptr"/>
<opset="result_addr/4 "/>
</bind>
</comp>

<comp id="309" class="1004" name="store_ln2227_access_fu_309">
<pin_list>
<pin id="310" dir="0" index="0" bw="15" slack="0"/>
<pin id="311" dir="0" index="1" bw="512" slack="0"/>
<pin id="312" dir="0" index="2" bw="0" slack="2147483647"/>
<pin id="313" dir="1" index="3" bw="512" slack="2147483647"/>
</pin_list>
<bind>
<opcode="store(28) " fcode="store"/>
<opset="store_ln2227/4 "/>
</bind>
</comp>

<comp id="315" class="1005" name="i_reg_315">
<pin_list>
<pin id="316" dir="0" index="0" bw="9" slack="1"/>
<pin id="317" dir="1" index="1" bw="9" slack="1"/>
</pin_list>
<bind>
<opset="i (phireg) "/>
</bind>
</comp>

<comp id="319" class="1004" name="i_phi_fu_319">
<pin_list>
<pin id="320" dir="0" index="0" bw="9" slack="0"/>
<pin id="321" dir="0" index="1" bw="0" slack="2147483647"/>
<pin id="322" dir="0" index="2" bw="1" slack="1"/>
<pin id="323" dir="0" index="3" bw="0" slack="2147483647"/>
<pin id="324" dir="1" index="4" bw="9" slack="0"/>
</pin_list>
<bind>
<opcode="phi(47) " fcode="phi"/>
<opset="i/2 "/>
</bind>
</comp>

<comp id="326" class="1004" name="dest_cast_fu_326">
<pin_list>
<pin id="327" dir="0" index="0" bw="20" slack="0"/>
<pin id="328" dir="1" index="1" bw="21" slack="3"/>
</pin_list>
<bind>
<opcode="sext(35) " fcode="sext"/>
<opset="dest_cast/1 "/>
</bind>
</comp>

<comp id="330" class="1004" name="i_2_fu_330">
<pin_list>
<pin id="331" dir="0" index="0" bw="9" slack="0"/>
<pin id="332" dir="0" index="1" bw="1" slack="0"/>
<pin id="333" dir="1" index="2" bw="9" slack="0"/>
</pin_list>
<bind>
<opcode="add(8) " fcode="add"/>
<opset="i_2/2 "/>
</bind>
</comp>

<comp id="336" class="1004" name="icmp_ln2095_fu_336">
<pin_list>
<pin id="337" dir="0" index="0" bw="9" slack="0"/>
<pin id="338" dir="0" index="1" bw="9" slack="0"/>
<pin id="339" dir="1" index="2" bw="1" slack="1"/>
</pin_list>
<bind>
<opcode="icmp(45) " fcode="icmp"/>
<opset="icmp_ln2095/2 "/>
</bind>
</comp>

<comp id="342" class="1004" name="zext_ln2095_fu_342">
<pin_list>
<pin id="343" dir="0" index="0" bw="9" slack="0"/>
<pin id="344" dir="1" index="1" bw="64" slack="0"/>
</pin_list>
<bind>
<opcode="zext(34) " fcode="zext"/>
<opset="zext_ln2095/2 "/>
</bind>
</comp>

<comp id="362" class="1004" name="trunc_ln2227_fu_362">
<pin_list>
<pin id="363" dir="0" index="0" bw="9" slack="0"/>
<pin id="364" dir="1" index="1" bw="8" slack="2"/>
</pin_list>
<bind>
<opcode="trunc(33) " fcode="trunc"/>
<opset="trunc_ln2227/2 "/>
</bind>
</comp>

<comp id="366" class="1004" name="bitcast_ln2101_fu_366">
<pin_list>
<pin id="367" dir="0" index="0" bw="32" slack="1"/>
<pin id="368" dir="1" index="1" bw="32" slack="0"/>
</pin_list>
<bind>
<opcode="bitcast(44) " fcode="bitcast"/>
<opset="bitcast_ln2101/4 "/>
</bind>
</comp>

<comp id="369" class="1004" name="bitcast_ln2101_1_fu_369">
<pin_list>
<pin id="370" dir="0" index="0" bw="32" slack="1"/>
<pin id="371" dir="1" index="1" bw="32" slack="0"/>
</pin_list>
<bind>
<opcode="bitcast(44) " fcode="bitcast"/>
<opset="bitcast_ln2101_1/4 "/>
</bind>
</comp>

<comp id="372" class="1004" name="bitcast_ln2101_2_fu_372">
<pin_list>
<pin id="373" dir="0" index="0" bw="32" slack="1"/>
<pin id="374" dir="1" index="1" bw="32" slack="0"/>
</pin_list>
<bind>
<opcode="bitcast(44) " fcode="bitcast"/>
<opset="bitcast_ln2101_2/4 "/>
</bind>
</comp>

<comp id="375" class="1004" name="bitcast_ln2101_3_fu_375">
<pin_list>
<pin id="376" dir="0" index="0" bw="32" slack="1"/>
<pin id="377" dir="1" index="1" bw="32" slack="0"/>
</pin_list>
<bind>
<opcode="bitcast(44) " fcode="bitcast"/>
<opset="bitcast_ln2101_3/4 "/>
</bind>
</comp>

<comp id="378" class="1004" name="bitcast_ln2101_4_fu_378">
<pin_list>
<pin id="379" dir="0" index="0" bw="32" slack="1"/>
<pin id="380" dir="1" index="1" bw="32" slack="0"/>
</pin_list>
<bind>
<opcode="bitcast(44) " fcode="bitcast"/>
<opset="bitcast_ln2101_4/4 "/>
</bind>
</comp>

<comp id="381" class="1004" name="bitcast_ln2101_5_fu_381">
<pin_list>
<pin id="382" dir="0" index="0" bw="32" slack="1"/>
<pin id="383" dir="1" index="1" bw="32" slack="0"/>
</pin_list>
<bind>
<opcode="bitcast(44) " fcode="bitcast"/>
<opset="bitcast_ln2101_5/4 "/>
</bind>
</comp>

<comp id="384" class="1004" name="bitcast_ln2101_6_fu_384">
<pin_list>
<pin id="385" dir="0" index="0" bw="32" slack="1"/>
<pin id="386" dir="1" index="1" bw="32" slack="0"/>
</pin_list>
<bind>
<opcode="bitcast(44) " fcode="bitcast"/>
<opset="bitcast_ln2101_6/4 "/>
</bind>
</comp>

<comp id="387" class="1004" name="bitcast_ln2101_7_fu_387">
<pin_list>
<pin id="388" dir="0" index="0" bw="32" slack="1"/>
<pin id="389" dir="1" index="1" bw="32" slack="0"/>
</pin_list>
<bind>
<opcode="bitcast(44) " fcode="bitcast"/>
<opset="bitcast_ln2101_7/4 "/>
</bind>
</comp>

<comp id="390" class="1004" name="bitcast_ln2101_8_fu_390">
<pin_list>
<pin id="391" dir="0" index="0" bw="32" slack="1"/>
<pin id="392" dir="1" index="1" bw="32" slack="0"/>
</pin_list>
<bind>
<opcode="bitcast(44) " fcode="bitcast"/>
<opset="bitcast_ln2101_8/4 "/>
</bind>
</comp>

<comp id="393" class="1004" name="bitcast_ln2101_9_fu_393">
<pin_list>
<pin id="394" dir="0" index="0" bw="32" slack="1"/>
<pin id="395" dir="1" index="1" bw="32" slack="0"/>
</pin_list>
<bind>
<opcode="bitcast(44) " fcode="bitcast"/>
<opset="bitcast_ln2101_9/4 "/>
</bind>
</comp>

<comp id="396" class="1004" name="bitcast_ln2101_10_fu_396">
<pin_list>
<pin id="397" dir="0" index="0" bw="32" slack="1"/>
<pin id="398" dir="1" index="1" bw="32" slack="0"/>
</pin_list>
<bind>
<opcode="bitcast(44) " fcode="bitcast"/>
<opset="bitcast_ln2101_10/4 "/>
</bind>
</comp>

<comp id="399" class="1004" name="bitcast_ln2101_11_fu_399">
<pin_list>
<pin id="400" dir="0" index="0" bw="32" slack="1"/>
<pin id="401" dir="1" index="1" bw="32" slack="0"/>
</pin_list>
<bind>
<opcode="bitcast(44) " fcode="bitcast"/>
<opset="bitcast_ln2101_11/4 "/>
</bind>
</comp>

<comp id="402" class="1004" name="bitcast_ln2101_12_fu_402">
<pin_list>
<pin id="403" dir="0" index="0" bw="32" slack="1"/>
<pin id="404" dir="1" index="1" bw="32" slack="0"/>
</pin_list>
<bind>
<opcode="bitcast(44) " fcode="bitcast"/>
<opset="bitcast_ln2101_12/4 "/>
</bind>
</comp>

<comp id="405" class="1004" name="bitcast_ln2101_13_fu_405">
<pin_list>
<pin id="406" dir="0" index="0" bw="32" slack="1"/>
<pin id="407" dir="1" index="1" bw="32" slack="0"/>
</pin_list>
<bind>
<opcode="bitcast(44) " fcode="bitcast"/>
<opset="bitcast_ln2101_13/4 "/>
</bind>
</comp>

<comp id="408" class="1004" name="bitcast_ln2101_14_fu_408">
<pin_list>
<pin id="409" dir="0" index="0" bw="32" slack="1"/>
<pin id="410" dir="1" index="1" bw="32" slack="0"/>
</pin_list>
<bind>
<opcode="bitcast(44) " fcode="bitcast"/>
<opset="bitcast_ln2101_14/4 "/>
</bind>
</comp>

<comp id="411" class="1004" name="bitcast_ln2101_15_fu_411">
<pin_list>
<pin id="412" dir="0" index="0" bw="32" slack="1"/>
<pin id="413" dir="1" index="1" bw="32" slack="0"/>
</pin_list>
<bind>
<opcode="bitcast(44) " fcode="bitcast"/>
<opset="bitcast_ln2101_15/4 "/>
</bind>
</comp>

<comp id="414" class="1004" name="p_Result_s_fu_414">
<pin_list>
<pin id="415" dir="0" index="0" bw="512" slack="0"/>
<pin id="416" dir="0" index="1" bw="32" slack="0"/>
<pin id="417" dir="0" index="2" bw="32" slack="0"/>
<pin id="418" dir="0" index="3" bw="32" slack="0"/>
<pin id="419" dir="0" index="4" bw="32" slack="0"/>
<pin id="420" dir="0" index="5" bw="32" slack="0"/>
<pin id="421" dir="0" index="6" bw="32" slack="0"/>
<pin id="422" dir="0" index="7" bw="32" slack="0"/>
<pin id="423" dir="0" index="8" bw="32" slack="0"/>
<pin id="424" dir="0" index="9" bw="32" slack="0"/>
<pin id="425" dir="0" index="10" bw="32" slack="0"/>
<pin id="426" dir="0" index="11" bw="32" slack="0"/>
<pin id="427" dir="0" index="12" bw="32" slack="0"/>
<pin id="428" dir="0" index="13" bw="32" slack="0"/>
<pin id="429" dir="0" index="14" bw="32" slack="0"/>
<pin id="430" dir="0" index="15" bw="32" slack="0"/>
<pin id="431" dir="0" index="16" bw="32" slack="0"/>
<pin id="432" dir="1" index="17" bw="512" slack="0"/>
</pin_list>
<bind>
<opcode="bitconcatenate(1004) " fcode="bitconcatenate"/>
<opset="p_Result_s/4 "/>
</bind>
</comp>

<comp id="451" class="1004" name="shl_ln_fu_451">
<pin_list>
<pin id="452" dir="0" index="0" bw="14" slack="0"/>
<pin id="453" dir="0" index="1" bw="8" slack="2"/>
<pin id="454" dir="0" index="2" bw="1" slack="0"/>
<pin id="455" dir="1" index="3" bw="14" slack="0"/>
</pin_list>
<bind>
<opcode="bitconcatenate(1004) " fcode="bitconcatenate"/>
<opset="shl_ln/4 "/>
</bind>
</comp>

<comp id="458" class="1004" name="zext_ln2227_fu_458">
<pin_list>
<pin id="459" dir="0" index="0" bw="14" slack="0"/>
<pin id="460" dir="1" index="1" bw="21" slack="0"/>
</pin_list>
<bind>
<opcode="zext(34) " fcode="zext"/>
<opset="zext_ln2227/4 "/>
</bind>
</comp>

<comp id="462" class="1004" name="add_ln2227_fu_462">
<pin_list>
<pin id="463" dir="0" index="0" bw="14" slack="0"/>
<pin id="464" dir="0" index="1" bw="20" slack="3"/>
<pin id="465" dir="1" index="2" bw="21" slack="0"/>
</pin_list>
<bind>
<opcode="add(8) " fcode="add"/>
<opset="add_ln2227/4 "/>
</bind>
</comp>

<comp id="467" class="1004" name="lshr_ln_fu_467">
<pin_list>
<pin id="468" dir="0" index="0" bw="15" slack="0"/>
<pin id="469" dir="0" index="1" bw="21" slack="0"/>
<pin id="470" dir="0" index="2" bw="4" slack="0"/>
<pin id="471" dir="0" index="3" bw="6" slack="0"/>
<pin id="472" dir="1" index="4" bw="15" slack="0"/>
</pin_list>
<bind>
<opcode="partselect(1002) " fcode="partselect"/>
<opset="lshr_ln/4 "/>
</bind>
</comp>

<comp id="477" class="1004" name="zext_ln2227_1_fu_477">
<pin_list>
<pin id="478" dir="0" index="0" bw="15" slack="0"/>
<pin id="479" dir="1" index="1" bw="64" slack="0"/>
</pin_list>
<bind>
<opcode="zext(34) " fcode="zext"/>
<opset="zext_ln2227_1/4 "/>
</bind>
</comp>

<comp id="482" class="1005" name="store_flag_read_reg_482">
<pin_list>
<pin id="483" dir="0" index="0" bw="1" slack="1"/>
<pin id="484" dir="1" index="1" bw="1" slack="2147483647"/>
</pin_list>
<bind>
<opset="store_flag_read "/>
</bind>
</comp>

<comp id="486" class="1005" name="dest_cast_reg_486">
<pin_list>
<pin id="487" dir="0" index="0" bw="21" slack="3"/>
<pin id="488" dir="1" index="1" bw="21" slack="3"/>
</pin_list>
<bind>
<opset="dest_cast "/>
</bind>
</comp>

<comp id="491" class="1005" name="i_2_reg_491">
<pin_list>
<pin id="492" dir="0" index="0" bw="9" slack="0"/>
<pin id="493" dir="1" index="1" bw="9" slack="0"/>
</pin_list>
<bind>
<opset="i_2 "/>
</bind>
</comp>

<comp id="496" class="1005" name="icmp_ln2095_reg_496">
<pin_list>
<pin id="497" dir="0" index="0" bw="1" slack="1"/>
<pin id="498" dir="1" index="1" bw="1" slack="2147483647"/>
</pin_list>
<bind>
<opset="icmp_ln2095 "/>
</bind>
</comp>

<comp id="500" class="1005" name="source_0_addr_reg_500">
<pin_list>
<pin id="501" dir="0" index="0" bw="8" slack="1"/>
<pin id="502" dir="1" index="1" bw="8" slack="1"/>
</pin_list>
<bind>
<opset="source_0_addr "/>
</bind>
</comp>

<comp id="505" class="1005" name="source_1_addr_reg_505">
<pin_list>
<pin id="506" dir="0" index="0" bw="8" slack="1"/>
<pin id="507" dir="1" index="1" bw="8" slack="1"/>
</pin_list>
<bind>
<opset="source_1_addr "/>
</bind>
</comp>

<comp id="510" class="1005" name="source_2_addr_reg_510">
<pin_list>
<pin id="511" dir="0" index="0" bw="8" slack="1"/>
<pin id="512" dir="1" index="1" bw="8" slack="1"/>
</pin_list>
<bind>
<opset="source_2_addr "/>
</bind>
</comp>

<comp id="515" class="1005" name="source_3_addr_reg_515">
<pin_list>
<pin id="516" dir="0" index="0" bw="8" slack="1"/>
<pin id="517" dir="1" index="1" bw="8" slack="1"/>
</pin_list>
<bind>
<opset="source_3_addr "/>
</bind>
</comp>

<comp id="520" class="1005" name="source_4_addr_reg_520">
<pin_list>
<pin id="521" dir="0" index="0" bw="8" slack="1"/>
<pin id="522" dir="1" index="1" bw="8" slack="1"/>
</pin_list>
<bind>
<opset="source_4_addr "/>
</bind>
</comp>

<comp id="525" class="1005" name="source_5_addr_reg_525">
<pin_list>
<pin id="526" dir="0" index="0" bw="8" slack="1"/>
<pin id="527" dir="1" index="1" bw="8" slack="1"/>
</pin_list>
<bind>
<opset="source_5_addr "/>
</bind>
</comp>

<comp id="530" class="1005" name="source_6_addr_reg_530">
<pin_list>
<pin id="531" dir="0" index="0" bw="8" slack="1"/>
<pin id="532" dir="1" index="1" bw="8" slack="1"/>
</pin_list>
<bind>
<opset="source_6_addr "/>
</bind>
</comp>

<comp id="535" class="1005" name="source_7_addr_reg_535">
<pin_list>
<pin id="536" dir="0" index="0" bw="8" slack="1"/>
<pin id="537" dir="1" index="1" bw="8" slack="1"/>
</pin_list>
<bind>
<opset="source_7_addr "/>
</bind>
</comp>

<comp id="540" class="1005" name="source_8_addr_reg_540">
<pin_list>
<pin id="541" dir="0" index="0" bw="8" slack="1"/>
<pin id="542" dir="1" index="1" bw="8" slack="1"/>
</pin_list>
<bind>
<opset="source_8_addr "/>
</bind>
</comp>

<comp id="545" class="1005" name="source_9_addr_reg_545">
<pin_list>
<pin id="546" dir="0" index="0" bw="8" slack="1"/>
<pin id="547" dir="1" index="1" bw="8" slack="1"/>
</pin_list>
<bind>
<opset="source_9_addr "/>
</bind>
</comp>

<comp id="550" class="1005" name="source_10_addr_reg_550">
<pin_list>
<pin id="551" dir="0" index="0" bw="8" slack="1"/>
<pin id="552" dir="1" index="1" bw="8" slack="1"/>
</pin_list>
<bind>
<opset="source_10_addr "/>
</bind>
</comp>

<comp id="555" class="1005" name="source_11_addr_reg_555">
<pin_list>
<pin id="556" dir="0" index="0" bw="8" slack="1"/>
<pin id="557" dir="1" index="1" bw="8" slack="1"/>
</pin_list>
<bind>
<opset="source_11_addr "/>
</bind>
</comp>

<comp id="560" class="1005" name="source_12_addr_reg_560">
<pin_list>
<pin id="561" dir="0" index="0" bw="8" slack="1"/>
<pin id="562" dir="1" index="1" bw="8" slack="1"/>
</pin_list>
<bind>
<opset="source_12_addr "/>
</bind>
</comp>

<comp id="565" class="1005" name="source_13_addr_reg_565">
<pin_list>
<pin id="566" dir="0" index="0" bw="8" slack="1"/>
<pin id="567" dir="1" index="1" bw="8" slack="1"/>
</pin_list>
<bind>
<opset="source_13_addr "/>
</bind>
</comp>

<comp id="570" class="1005" name="source_14_addr_reg_570">
<pin_list>
<pin id="571" dir="0" index="0" bw="8" slack="1"/>
<pin id="572" dir="1" index="1" bw="8" slack="1"/>
</pin_list>
<bind>
<opset="source_14_addr "/>
</bind>
</comp>

<comp id="575" class="1005" name="source_15_addr_reg_575">
<pin_list>
<pin id="576" dir="0" index="0" bw="8" slack="1"/>
<pin id="577" dir="1" index="1" bw="8" slack="1"/>
</pin_list>
<bind>
<opset="source_15_addr "/>
</bind>
</comp>

<comp id="580" class="1005" name="trunc_ln2227_reg_580">
<pin_list>
<pin id="581" dir="0" index="0" bw="8" slack="2"/>
<pin id="582" dir="1" index="1" bw="8" slack="2"/>
</pin_list>
<bind>
<opset="trunc_ln2227 "/>
</bind>
</comp>

<comp id="585" class="1005" name="source_0_load_reg_585">
<pin_list>
<pin id="586" dir="0" index="0" bw="32" slack="1"/>
<pin id="587" dir="1" index="1" bw="32" slack="1"/>
</pin_list>
<bind>
<opset="source_0_load "/>
</bind>
</comp>

<comp id="590" class="1005" name="source_1_load_reg_590">
<pin_list>
<pin id="591" dir="0" index="0" bw="32" slack="1"/>
<pin id="592" dir="1" index="1" bw="32" slack="1"/>
</pin_list>
<bind>
<opset="source_1_load "/>
</bind>
</comp>

<comp id="595" class="1005" name="source_2_load_reg_595">
<pin_list>
<pin id="596" dir="0" index="0" bw="32" slack="1"/>
<pin id="597" dir="1" index="1" bw="32" slack="1"/>
</pin_list>
<bind>
<opset="source_2_load "/>
</bind>
</comp>

<comp id="600" class="1005" name="source_3_load_reg_600">
<pin_list>
<pin id="601" dir="0" index="0" bw="32" slack="1"/>
<pin id="602" dir="1" index="1" bw="32" slack="1"/>
</pin_list>
<bind>
<opset="source_3_load "/>
</bind>
</comp>

<comp id="605" class="1005" name="source_4_load_reg_605">
<pin_list>
<pin id="606" dir="0" index="0" bw="32" slack="1"/>
<pin id="607" dir="1" index="1" bw="32" slack="1"/>
</pin_list>
<bind>
<opset="source_4_load "/>
</bind>
</comp>

<comp id="610" class="1005" name="source_5_load_reg_610">
<pin_list>
<pin id="611" dir="0" index="0" bw="32" slack="1"/>
<pin id="612" dir="1" index="1" bw="32" slack="1"/>
</pin_list>
<bind>
<opset="source_5_load "/>
</bind>
</comp>

<comp id="615" class="1005" name="source_6_load_reg_615">
<pin_list>
<pin id="616" dir="0" index="0" bw="32" slack="1"/>
<pin id="617" dir="1" index="1" bw="32" slack="1"/>
</pin_list>
<bind>
<opset="source_6_load "/>
</bind>
</comp>

<comp id="620" class="1005" name="source_7_load_reg_620">
<pin_list>
<pin id="621" dir="0" index="0" bw="32" slack="1"/>
<pin id="622" dir="1" index="1" bw="32" slack="1"/>
</pin_list>
<bind>
<opset="source_7_load "/>
</bind>
</comp>

<comp id="625" class="1005" name="source_8_load_reg_625">
<pin_list>
<pin id="626" dir="0" index="0" bw="32" slack="1"/>
<pin id="627" dir="1" index="1" bw="32" slack="1"/>
</pin_list>
<bind>
<opset="source_8_load "/>
</bind>
</comp>

<comp id="630" class="1005" name="source_9_load_reg_630">
<pin_list>
<pin id="631" dir="0" index="0" bw="32" slack="1"/>
<pin id="632" dir="1" index="1" bw="32" slack="1"/>
</pin_list>
<bind>
<opset="source_9_load "/>
</bind>
</comp>

<comp id="635" class="1005" name="source_10_load_reg_635">
<pin_list>
<pin id="636" dir="0" index="0" bw="32" slack="1"/>
<pin id="637" dir="1" index="1" bw="32" slack="1"/>
</pin_list>
<bind>
<opset="source_10_load "/>
</bind>
</comp>

<comp id="640" class="1005" name="source_11_load_reg_640">
<pin_list>
<pin id="641" dir="0" index="0" bw="32" slack="1"/>
<pin id="642" dir="1" index="1" bw="32" slack="1"/>
</pin_list>
<bind>
<opset="source_11_load "/>
</bind>
</comp>

<comp id="645" class="1005" name="source_12_load_reg_645">
<pin_list>
<pin id="646" dir="0" index="0" bw="32" slack="1"/>
<pin id="647" dir="1" index="1" bw="32" slack="1"/>
</pin_list>
<bind>
<opset="source_12_load "/>
</bind>
</comp>

<comp id="650" class="1005" name="source_13_load_reg_650">
<pin_list>
<pin id="651" dir="0" index="0" bw="32" slack="1"/>
<pin id="652" dir="1" index="1" bw="32" slack="1"/>
</pin_list>
<bind>
<opset="source_13_load "/>
</bind>
</comp>

<comp id="655" class="1005" name="source_14_load_reg_655">
<pin_list>
<pin id="656" dir="0" index="0" bw="32" slack="1"/>
<pin id="657" dir="1" index="1" bw="32" slack="1"/>
</pin_list>
<bind>
<opset="source_14_load "/>
</bind>
</comp>

<comp id="660" class="1005" name="source_15_load_reg_660">
<pin_list>
<pin id="661" dir="0" index="0" bw="32" slack="1"/>
<pin id="662" dir="1" index="1" bw="32" slack="1"/>
</pin_list>
<bind>
<opset="source_15_load "/>
</bind>
</comp>

</comp_list>

<net_list>
<net id="86"><net_src comp="38" pin="0"/><net_sink comp="82" pin=0"/></net>

<net id="87"><net_src comp="4" pin="0"/><net_sink comp="82" pin=1"/></net>

<net id="92"><net_src comp="40" pin="0"/><net_sink comp="88" pin=0"/></net>

<net id="93"><net_src comp="2" pin="0"/><net_sink comp="88" pin=1"/></net>

<net id="99"><net_src comp="6" pin="0"/><net_sink comp="94" pin=0"/></net>

<net id="100"><net_src comp="62" pin="0"/><net_sink comp="94" pin=1"/></net>

<net id="106"><net_src comp="94" pin="3"/><net_sink comp="101" pin=0"/></net>

<net id="112"><net_src comp="8" pin="0"/><net_sink comp="107" pin=0"/></net>

<net id="113"><net_src comp="62" pin="0"/><net_sink comp="107" pin=1"/></net>

<net id="119"><net_src comp="107" pin="3"/><net_sink comp="114" pin=0"/></net>

<net id="125"><net_src comp="10" pin="0"/><net_sink comp="120" pin=0"/></net>

<net id="126"><net_src comp="62" pin="0"/><net_sink comp="120" pin=1"/></net>

<net id="132"><net_src comp="120" pin="3"/><net_sink comp="127" pin=0"/></net>

<net id="138"><net_src comp="12" pin="0"/><net_sink comp="133" pin=0"/></net>

<net id="139"><net_src comp="62" pin="0"/><net_sink comp="133" pin=1"/></net>

<net id="145"><net_src comp="133" pin="3"/><net_sink comp="140" pin=0"/></net>

<net id="151"><net_src comp="14" pin="0"/><net_sink comp="146" pin=0"/></net>

<net id="152"><net_src comp="62" pin="0"/><net_sink comp="146" pin=1"/></net>

<net id="158"><net_src comp="146" pin="3"/><net_sink comp="153" pin=0"/></net>

<net id="164"><net_src comp="16" pin="0"/><net_sink comp="159" pin=0"/></net>

<net id="165"><net_src comp="62" pin="0"/><net_sink comp="159" pin=1"/></net>

<net id="171"><net_src comp="159" pin="3"/><net_sink comp="166" pin=0"/></net>

<net id="177"><net_src comp="18" pin="0"/><net_sink comp="172" pin=0"/></net>

<net id="178"><net_src comp="62" pin="0"/><net_sink comp="172" pin=1"/></net>

<net id="184"><net_src comp="172" pin="3"/><net_sink comp="179" pin=0"/></net>

<net id="190"><net_src comp="20" pin="0"/><net_sink comp="185" pin=0"/></net>

<net id="191"><net_src comp="62" pin="0"/><net_sink comp="185" pin=1"/></net>

<net id="197"><net_src comp="185" pin="3"/><net_sink comp="192" pin=0"/></net>

<net id="203"><net_src comp="22" pin="0"/><net_sink comp="198" pin=0"/></net>

<net id="204"><net_src comp="62" pin="0"/><net_sink comp="198" pin=1"/></net>

<net id="210"><net_src comp="198" pin="3"/><net_sink comp="205" pin=0"/></net>

<net id="216"><net_src comp="24" pin="0"/><net_sink comp="211" pin=0"/></net>

<net id="217"><net_src comp="62" pin="0"/><net_sink comp="211" pin=1"/></net>

<net id="223"><net_src comp="211" pin="3"/><net_sink comp="218" pin=0"/></net>

<net id="229"><net_src comp="26" pin="0"/><net_sink comp="224" pin=0"/></net>

<net id="230"><net_src comp="62" pin="0"/><net_sink comp="224" pin=1"/></net>

<net id="236"><net_src comp="224" pin="3"/><net_sink comp="231" pin=0"/></net>

<net id="242"><net_src comp="28" pin="0"/><net_sink comp="237" pin=0"/></net>

<net id="243"><net_src comp="62" pin="0"/><net_sink comp="237" pin=1"/></net>

<net id="249"><net_src comp="237" pin="3"/><net_sink comp="244" pin=0"/></net>

<net id="255"><net_src comp="30" pin="0"/><net_sink comp="250" pin=0"/></net>

<net id="256"><net_src comp="62" pin="0"/><net_sink comp="250" pin=1"/></net>

<net id="262"><net_src comp="250" pin="3"/><net_sink comp="257" pin=0"/></net>

<net id="268"><net_src comp="32" pin="0"/><net_sink comp="263" pin=0"/></net>

<net id="269"><net_src comp="62" pin="0"/><net_sink comp="263" pin=1"/></net>

<net id="275"><net_src comp="263" pin="3"/><net_sink comp="270" pin=0"/></net>

<net id="281"><net_src comp="34" pin="0"/><net_sink comp="276" pin=0"/></net>

<net id="282"><net_src comp="62" pin="0"/><net_sink comp="276" pin=1"/></net>

<net id="288"><net_src comp="276" pin="3"/><net_sink comp="283" pin=0"/></net>

<net id="294"><net_src comp="36" pin="0"/><net_sink comp="289" pin=0"/></net>

<net id="295"><net_src comp="62" pin="0"/><net_sink comp="289" pin=1"/></net>

<net id="301"><net_src comp="289" pin="3"/><net_sink comp="296" pin=0"/></net>

<net id="307"><net_src comp="0" pin="0"/><net_sink comp="302" pin=0"/></net>

<net id="308"><net_src comp="62" pin="0"/><net_sink comp="302" pin=1"/></net>

<net id="314"><net_src comp="302" pin="3"/><net_sink comp="309" pin=0"/></net>

<net id="318"><net_src comp="52" pin="0"/><net_sink comp="315" pin=0"/></net>

<net id="325"><net_src comp="315" pin="1"/><net_sink comp="319" pin=2"/></net>

<net id="329"><net_src comp="82" pin="2"/><net_sink comp="326" pin=0"/></net>

<net id="334"><net_src comp="319" pin="4"/><net_sink comp="330" pin=0"/></net>

<net id="335"><net_src comp="54" pin="0"/><net_sink comp="330" pin=1"/></net>

<net id="340"><net_src comp="319" pin="4"/><net_sink comp="336" pin=0"/></net>

<net id="341"><net_src comp="56" pin="0"/><net_sink comp="336" pin=1"/></net>

<net id="345"><net_src comp="319" pin="4"/><net_sink comp="342" pin=0"/></net>

<net id="346"><net_src comp="342" pin="1"/><net_sink comp="94" pin=2"/></net>

<net id="347"><net_src comp="342" pin="1"/><net_sink comp="107" pin=2"/></net>

<net id="348"><net_src comp="342" pin="1"/><net_sink comp="120" pin=2"/></net>

<net id="349"><net_src comp="342" pin="1"/><net_sink comp="133" pin=2"/></net>

<net id="350"><net_src comp="342" pin="1"/><net_sink comp="146" pin=2"/></net>

<net id="351"><net_src comp="342" pin="1"/><net_sink comp="159" pin=2"/></net>

<net id="352"><net_src comp="342" pin="1"/><net_sink comp="172" pin=2"/></net>

<net id="353"><net_src comp="342" pin="1"/><net_sink comp="185" pin=2"/></net>

<net id="354"><net_src comp="342" pin="1"/><net_sink comp="198" pin=2"/></net>

<net id="355"><net_src comp="342" pin="1"/><net_sink comp="211" pin=2"/></net>

<net id="356"><net_src comp="342" pin="1"/><net_sink comp="224" pin=2"/></net>

<net id="357"><net_src comp="342" pin="1"/><net_sink comp="237" pin=2"/></net>

<net id="358"><net_src comp="342" pin="1"/><net_sink comp="250" pin=2"/></net>

<net id="359"><net_src comp="342" pin="1"/><net_sink comp="263" pin=2"/></net>

<net id="360"><net_src comp="342" pin="1"/><net_sink comp="276" pin=2"/></net>

<net id="361"><net_src comp="342" pin="1"/><net_sink comp="289" pin=2"/></net>

<net id="365"><net_src comp="319" pin="4"/><net_sink comp="362" pin=0"/></net>

<net id="433"><net_src comp="70" pin="0"/><net_sink comp="414" pin=0"/></net>

<net id="434"><net_src comp="411" pin="1"/><net_sink comp="414" pin=1"/></net>

<net id="435"><net_src comp="408" pin="1"/><net_sink comp="414" pin=2"/></net>

<net id="436"><net_src comp="405" pin="1"/><net_sink comp="414" pin=3"/></net>

<net id="437"><net_src comp="402" pin="1"/><net_sink comp="414" pin=4"/></net>

<net id="438"><net_src comp="399" pin="1"/><net_sink comp="414" pin=5"/></net>

<net id="439"><net_src comp="396" pin="1"/><net_sink comp="414" pin=6"/></net>

<net id="440"><net_src comp="393" pin="1"/><net_sink comp="414" pin=7"/></net>

<net id="441"><net_src comp="390" pin="1"/><net_sink comp="414" pin=8"/></net>

<net id="442"><net_src comp="387" pin="1"/><net_sink comp="414" pin=9"/></net>

<net id="443"><net_src comp="384" pin="1"/><net_sink comp="414" pin=10"/></net>

<net id="444"><net_src comp="381" pin="1"/><net_sink comp="414" pin=11"/></net>

<net id="445"><net_src comp="378" pin="1"/><net_sink comp="414" pin=12"/></net>

<net id="446"><net_src comp="375" pin="1"/><net_sink comp="414" pin=13"/></net>

<net id="447"><net_src comp="372" pin="1"/><net_sink comp="414" pin=14"/></net>

<net id="448"><net_src comp="369" pin="1"/><net_sink comp="414" pin=15"/></net>

<net id="449"><net_src comp="366" pin="1"/><net_sink comp="414" pin=16"/></net>

<net id="450"><net_src comp="414" pin="17"/><net_sink comp="309" pin=1"/></net>

<net id="456"><net_src comp="72" pin="0"/><net_sink comp="451" pin=0"/></net>

<net id="457"><net_src comp="74" pin="0"/><net_sink comp="451" pin=2"/></net>

<net id="461"><net_src comp="451" pin="3"/><net_sink comp="458" pin=0"/></net>

<net id="466"><net_src comp="458" pin="1"/><net_sink comp="462" pin=0"/></net>

<net id="473"><net_src comp="76" pin="0"/><net_sink comp="467" pin=0"/></net>

<net id="474"><net_src comp="462" pin="2"/><net_sink comp="467" pin=1"/></net>

<net id="475"><net_src comp="78" pin="0"/><net_sink comp="467" pin=2"/></net>

<net id="476"><net_src comp="80" pin="0"/><net_sink comp="467" pin=3"/></net>

<net id="480"><net_src comp="467" pin="4"/><net_sink comp="477" pin=0"/></net>

<net id="481"><net_src comp="477" pin="1"/><net_sink comp="302" pin=2"/></net>

<net id="485"><net_src comp="88" pin="2"/><net_sink comp="482" pin=0"/></net>

<net id="489"><net_src comp="326" pin="1"/><net_sink comp="486" pin=0"/></net>

<net id="490"><net_src comp="486" pin="1"/><net_sink comp="462" pin=1"/></net>

<net id="494"><net_src comp="330" pin="2"/><net_sink comp="491" pin=0"/></net>

<net id="495"><net_src comp="491" pin="1"/><net_sink comp="319" pin=0"/></net>

<net id="499"><net_src comp="336" pin="2"/><net_sink comp="496" pin=0"/></net>

<net id="503"><net_src comp="94" pin="3"/><net_sink comp="500" pin=0"/></net>

<net id="504"><net_src comp="500" pin="1"/><net_sink comp="101" pin=0"/></net>

<net id="508"><net_src comp="107" pin="3"/><net_sink comp="505" pin=0"/></net>

<net id="509"><net_src comp="505" pin="1"/><net_sink comp="114" pin=0"/></net>

<net id="513"><net_src comp="120" pin="3"/><net_sink comp="510" pin=0"/></net>

<net id="514"><net_src comp="510" pin="1"/><net_sink comp="127" pin=0"/></net>

<net id="518"><net_src comp="133" pin="3"/><net_sink comp="515" pin=0"/></net>

<net id="519"><net_src comp="515" pin="1"/><net_sink comp="140" pin=0"/></net>

<net id="523"><net_src comp="146" pin="3"/><net_sink comp="520" pin=0"/></net>

<net id="524"><net_src comp="520" pin="1"/><net_sink comp="153" pin=0"/></net>

<net id="528"><net_src comp="159" pin="3"/><net_sink comp="525" pin=0"/></net>

<net id="529"><net_src comp="525" pin="1"/><net_sink comp="166" pin=0"/></net>

<net id="533"><net_src comp="172" pin="3"/><net_sink comp="530" pin=0"/></net>

<net id="534"><net_src comp="530" pin="1"/><net_sink comp="179" pin=0"/></net>

<net id="538"><net_src comp="185" pin="3"/><net_sink comp="535" pin=0"/></net>

<net id="539"><net_src comp="535" pin="1"/><net_sink comp="192" pin=0"/></net>

<net id="543"><net_src comp="198" pin="3"/><net_sink comp="540" pin=0"/></net>

<net id="544"><net_src comp="540" pin="1"/><net_sink comp="205" pin=0"/></net>

<net id="548"><net_src comp="211" pin="3"/><net_sink comp="545" pin=0"/></net>

<net id="549"><net_src comp="545" pin="1"/><net_sink comp="218" pin=0"/></net>

<net id="553"><net_src comp="224" pin="3"/><net_sink comp="550" pin=0"/></net>

<net id="554"><net_src comp="550" pin="1"/><net_sink comp="231" pin=0"/></net>

<net id="558"><net_src comp="237" pin="3"/><net_sink comp="555" pin=0"/></net>

<net id="559"><net_src comp="555" pin="1"/><net_sink comp="244" pin=0"/></net>

<net id="563"><net_src comp="250" pin="3"/><net_sink comp="560" pin=0"/></net>

<net id="564"><net_src comp="560" pin="1"/><net_sink comp="257" pin=0"/></net>

<net id="568"><net_src comp="263" pin="3"/><net_sink comp="565" pin=0"/></net>

<net id="569"><net_src comp="565" pin="1"/><net_sink comp="270" pin=0"/></net>

<net id="573"><net_src comp="276" pin="3"/><net_sink comp="570" pin=0"/></net>

<net id="574"><net_src comp="570" pin="1"/><net_sink comp="283" pin=0"/></net>

<net id="578"><net_src comp="289" pin="3"/><net_sink comp="575" pin=0"/></net>

<net id="579"><net_src comp="575" pin="1"/><net_sink comp="296" pin=0"/></net>

<net id="583"><net_src comp="362" pin="1"/><net_sink comp="580" pin=0"/></net>

<net id="584"><net_src comp="580" pin="1"/><net_sink comp="451" pin=1"/></net>

<net id="588"><net_src comp="101" pin="3"/><net_sink comp="585" pin=0"/></net>

<net id="589"><net_src comp="585" pin="1"/><net_sink comp="366" pin=0"/></net>

<net id="593"><net_src comp="114" pin="3"/><net_sink comp="590" pin=0"/></net>

<net id="594"><net_src comp="590" pin="1"/><net_sink comp="369" pin=0"/></net>

<net id="598"><net_src comp="127" pin="3"/><net_sink comp="595" pin=0"/></net>

<net id="599"><net_src comp="595" pin="1"/><net_sink comp="372" pin=0"/></net>

<net id="603"><net_src comp="140" pin="3"/><net_sink comp="600" pin=0"/></net>

<net id="604"><net_src comp="600" pin="1"/><net_sink comp="375" pin=0"/></net>

<net id="608"><net_src comp="153" pin="3"/><net_sink comp="605" pin=0"/></net>

<net id="609"><net_src comp="605" pin="1"/><net_sink comp="378" pin=0"/></net>

<net id="613"><net_src comp="166" pin="3"/><net_sink comp="610" pin=0"/></net>

<net id="614"><net_src comp="610" pin="1"/><net_sink comp="381" pin=0"/></net>

<net id="618"><net_src comp="179" pin="3"/><net_sink comp="615" pin=0"/></net>

<net id="619"><net_src comp="615" pin="1"/><net_sink comp="384" pin=0"/></net>

<net id="623"><net_src comp="192" pin="3"/><net_sink comp="620" pin=0"/></net>

<net id="624"><net_src comp="620" pin="1"/><net_sink comp="387" pin=0"/></net>

<net id="628"><net_src comp="205" pin="3"/><net_sink comp="625" pin=0"/></net>

<net id="629"><net_src comp="625" pin="1"/><net_sink comp="390" pin=0"/></net>

<net id="633"><net_src comp="218" pin="3"/><net_sink comp="630" pin=0"/></net>

<net id="634"><net_src comp="630" pin="1"/><net_sink comp="393" pin=0"/></net>

<net id="638"><net_src comp="231" pin="3"/><net_sink comp="635" pin=0"/></net>

<net id="639"><net_src comp="635" pin="1"/><net_sink comp="396" pin=0"/></net>

<net id="643"><net_src comp="244" pin="3"/><net_sink comp="640" pin=0"/></net>

<net id="644"><net_src comp="640" pin="1"/><net_sink comp="399" pin=0"/></net>

<net id="648"><net_src comp="257" pin="3"/><net_sink comp="645" pin=0"/></net>

<net id="649"><net_src comp="645" pin="1"/><net_sink comp="402" pin=0"/></net>

<net id="653"><net_src comp="270" pin="3"/><net_sink comp="650" pin=0"/></net>

<net id="654"><net_src comp="650" pin="1"/><net_sink comp="405" pin=0"/></net>

<net id="658"><net_src comp="283" pin="3"/><net_sink comp="655" pin=0"/></net>

<net id="659"><net_src comp="655" pin="1"/><net_sink comp="408" pin=0"/></net>

<net id="663"><net_src comp="296" pin="3"/><net_sink comp="660" pin=0"/></net>

<net id="664"><net_src comp="660" pin="1"/><net_sink comp="411" pin=0"/></net>

</net_list>

</model> 
---------------- Datapath Model END ------------------

* FSMD analyzer results:
  - Output states:
	Port: result | {4 }
 - Input state : 
	Port: buffer_store : store_flag | {1 }
	Port: buffer_store : dest | {1 }
	Port: buffer_store : source_0 | {2 3 }
	Port: buffer_store : source_1 | {2 3 }
	Port: buffer_store : source_2 | {2 3 }
	Port: buffer_store : source_3 | {2 3 }
	Port: buffer_store : source_4 | {2 3 }
	Port: buffer_store : source_5 | {2 3 }
	Port: buffer_store : source_6 | {2 3 }
	Port: buffer_store : source_7 | {2 3 }
	Port: buffer_store : source_8 | {2 3 }
	Port: buffer_store : source_9 | {2 3 }
	Port: buffer_store : source_10 | {2 3 }
	Port: buffer_store : source_11 | {2 3 }
	Port: buffer_store : source_12 | {2 3 }
	Port: buffer_store : source_13 | {2 3 }
	Port: buffer_store : source_14 | {2 3 }
	Port: buffer_store : source_15 | {2 3 }
  - Chain level:
	State 1
	State 2
		i_2 : 1
		icmp_ln2095 : 1
		br_ln2095 : 2
		zext_ln2095 : 1
		source_0_addr : 2
		source_0_load : 3
		source_1_addr : 2
		source_1_load : 3
		source_2_addr : 2
		source_2_load : 3
		source_3_addr : 2
		source_3_load : 3
		source_4_addr : 2
		source_4_load : 3
		source_5_addr : 2
		source_5_load : 3
		source_6_addr : 2
		source_6_load : 3
		source_7_addr : 2
		source_7_load : 3
		source_8_addr : 2
		source_8_load : 3
		source_9_addr : 2
		source_9_load : 3
		source_10_addr : 2
		source_10_load : 3
		source_11_addr : 2
		source_11_load : 3
		source_12_addr : 2
		source_12_load : 3
		source_13_addr : 2
		source_13_load : 3
		source_14_addr : 2
		source_14_load : 3
		source_15_addr : 2
		source_15_load : 3
		trunc_ln2227 : 1
	State 3
	State 4
		p_Result_s : 1
		zext_ln2227 : 1
		add_ln2227 : 2
		lshr_ln : 3
		zext_ln2227_1 : 4
		result_addr : 5
		store_ln2227 : 6
	State 5


============================================================
+ Verbose Summary: Datapath Resource usage 
============================================================

* Functional unit list:
|----------|----------------------------|---------|---------|
| Operation|       Functional Unit      |    FF   |   LUT   |
|----------|----------------------------|---------|---------|
|    add   |         i_2_fu_330         |    0    |    16   |
|          |      add_ln2227_fu_462     |    0    |    27   |
|----------|----------------------------|---------|---------|
|   icmp   |     icmp_ln2095_fu_336     |    0    |    11   |
|----------|----------------------------|---------|---------|
|   read   |    dest_read_read_fu_82    |    0    |    0    |
|          | store_flag_read_read_fu_88 |    0    |    0    |
|----------|----------------------------|---------|---------|
|   sext   |      dest_cast_fu_326      |    0    |    0    |
|----------|----------------------------|---------|---------|
|          |     zext_ln2095_fu_342     |    0    |    0    |
|   zext   |     zext_ln2227_fu_458     |    0    |    0    |
|          |    zext_ln2227_1_fu_477    |    0    |    0    |
|----------|----------------------------|---------|---------|
|   trunc  |     trunc_ln2227_fu_362    |    0    |    0    |
|----------|----------------------------|---------|---------|
|bitconcatenate|      p_Result_s_fu_414     |    0    |    0    |
|          |        shl_ln_fu_451       |    0    |    0    |
|----------|----------------------------|---------|---------|
|partselect|       lshr_ln_fu_467       |    0    |    0    |
|----------|----------------------------|---------|---------|
|   Total  |                            |    0    |    54   |
|----------|----------------------------|---------|---------|

Memories:
N/A

* Register list:
+-----------------------+--------+
|                       |   FF   |
+-----------------------+--------+
|   dest_cast_reg_486   |   21   |
|      i_2_reg_491      |    9   |
|       i_reg_315       |    9   |
|  icmp_ln2095_reg_496  |    1   |
| source_0_addr_reg_500 |    8   |
| source_0_load_reg_585 |   32   |
| source_10_addr_reg_550|    8   |
| source_10_load_reg_635|   32   |
| source_11_addr_reg_555|    8   |
| source_11_load_reg_640|   32   |
| source_12_addr_reg_560|    8   |
| source_12_load_reg_645|   32   |
| source_13_addr_reg_565|    8   |
| source_13_load_reg_650|   32   |
| source_14_addr_reg_570|    8   |
| source_14_load_reg_655|   32   |
| source_15_addr_reg_575|    8   |
| source_15_load_reg_660|   32   |
| source_1_addr_reg_505 |    8   |
| source_1_load_reg_590 |   32   |
| source_2_addr_reg_510 |    8   |
| source_2_load_reg_595 |   32   |
| source_3_addr_reg_515 |    8   |
| source_3_load_reg_600 |   32   |
| source_4_addr_reg_520 |    8   |
| source_4_load_reg_605 |   32   |
| source_5_addr_reg_525 |    8   |
| source_5_load_reg_610 |   32   |
| source_6_addr_reg_530 |    8   |
| source_6_load_reg_615 |   32   |
| source_7_addr_reg_535 |    8   |
| source_7_load_reg_620 |   32   |
| source_8_addr_reg_540 |    8   |
| source_8_load_reg_625 |   32   |
| source_9_addr_reg_545 |    8   |
| source_9_load_reg_630 |   32   |
|store_flag_read_reg_482|    1   |
|  trunc_ln2227_reg_580 |    8   |
+-----------------------+--------+
|         Total         |   689  |
+-----------------------+--------+

* Multiplexer (MUX) list: 
|-------------------|------|------|------|--------||---------||---------|
|        Comp       |  Pin | Size |  BW  | S x BW ||  Delay  ||   LUT   |
|-------------------|------|------|------|--------||---------||---------|
| grp_access_fu_101 |  p0  |   2  |   8  |   16   ||    9    |
| grp_access_fu_114 |  p0  |   2  |   8  |   16   ||    9    |
| grp_access_fu_127 |  p0  |   2  |   8  |   16   ||    9    |
| grp_access_fu_140 |  p0  |   2  |   8  |   16   ||    9    |
| grp_access_fu_153 |  p0  |   2  |   8  |   16   ||    9    |
| grp_access_fu_166 |  p0  |   2  |   8  |   16   ||    9    |
| grp_access_fu_179 |  p0  |   2  |   8  |   16   ||    9    |
| grp_access_fu_192 |  p0  |   2  |   8  |   16   ||    9    |
| grp_access_fu_205 |  p0  |   2  |   8  |   16   ||    9    |
| grp_access_fu_218 |  p0  |   2  |   8  |   16   ||    9    |
| grp_access_fu_231 |  p0  |   2  |   8  |   16   ||    9    |
| grp_access_fu_244 |  p0  |   2  |   8  |   16   ||    9    |
| grp_access_fu_257 |  p0  |   2  |   8  |   16   ||    9    |
| grp_access_fu_270 |  p0  |   2  |   8  |   16   ||    9    |
| grp_access_fu_283 |  p0  |   2  |   8  |   16   ||    9    |
| grp_access_fu_296 |  p0  |   2  |   8  |   16   ||    9    |
|-------------------|------|------|------|--------||---------||---------|
|       Total       |      |      |      |   256  ||  6.192  ||   144   |
|-------------------|------|------|------|--------||---------||---------|



* Summary:
+-----------+--------+--------+--------+
|           |  Delay |   FF   |   LUT  |
+-----------+--------+--------+--------+
|  Function |    -   |    0   |   54   |
|   Memory  |    -   |    -   |    -   |
|Multiplexer|    6   |    -   |   144  |
|  Register |    -   |   689  |    -   |
+-----------+--------+--------+--------+
|   Total   |    6   |   689  |   198  |
+-----------+--------+--------+--------+
