

================================================================
== Vitis HLS Report for 'buffer_store'
================================================================
* Date:           Sun Nov 26 22:31:52 2023

* Version:        2020.2.2 (Build 3118627 on Tue Feb  9 05:13:49 MST 2021)
* Project:        hotspot.prj
* Solution:       solution1 (Vivado IP Flow Target)
* Product family: virtexuplus
* Target device:  xcu50-fsvh2104-2-e


================================================================
== Performance Estimates
================================================================
+ Timing: 
    * Summary: 
    +--------+---------+----------+------------+
    |  Clock |  Target | Estimated| Uncertainty|
    +--------+---------+----------+------------+
    |ap_clk  |  3.33 ns|  2.061 ns|     0.90 ns|
    +--------+---------+----------+------------+

+ Latency: 
    * Summary: 
    +---------+---------+----------+----------+-----+-----+---------+
    |  Latency (cycles) |  Latency (absolute) |  Interval | Pipeline|
    |   min   |   max   |    min   |    max   | min | max |   Type  |
    +---------+---------+----------+----------+-----+-----+---------+
    |        1|      259|  3.330 ns|  0.862 us|    1|  259|     none|
    +---------+---------+----------+----------+-----+-----+---------+

    + Detail: 
        * Instance: 
        N/A

        * Loop: 
        +---------------------+---------+---------+----------+-----------+-----------+------+----------+
        |                     |  Latency (cycles) | Iteration|  Initiation Interval  | Trip |          |
        |      Loop Name      |   min   |   max   |  Latency |  achieved |   target  | Count| Pipelined|
        +---------------------+---------+---------+----------+-----------+-----------+------+----------+
        |- VITIS_LOOP_2095_3  |      257|      257|         3|          1|          1|   256|       yes|
        +---------------------+---------+---------+----------+-----------+-----------+------+----------+

============================================================
+ Verbose Summary: Synthesis Manager
============================================================
InlineROM: 1
ExposeGlobal: 0
============================================================
+ Verbose Summary: CDFG Model
============================================================
IsTopModel: 0
ResetActiveHigh: 1
IsCombinational: 0
IsDatapathOnly: 0
HasWiredReturn: 1
HasMFsm: 0
HasVarLatency: 1
IsPipeline: 0
IsRtlPipelined: 0
IsInstanceOverlapped: 0
IsDontTouch: 0
HasImplIP: 0
IsGatedGlobalClock: 0

+ Individual pipeline summary: 
  * Pipeline-0: initiation interval (II) = 1, depth = 3


============================================================
+ Verbose Summary: Schedule
============================================================
* Number of FSM states : 5
* Pipeline : 1
  Pipeline-0 : II = 1, D = 3, States = { 2 3 4 }
* Dataflow Pipeline: 0

* FSM state transitions: 
1 --> 5 2 
2 --> 5 3 
3 --> 4 
4 --> 2 
5 --> 

* FSM state operations: 

State 1 <SV = 0> <Delay = 0.38>
ST_1 : Operation 6 [1/1] (0.00ns)   --->   "%dest_read = read i20 @_ssdm_op_Read.ap_auto.i20, i20 %dest"   --->   Operation 6 'read' 'dest_read' <Predicate = true> <Delay = 0.00>
ST_1 : Operation 7 [1/1] (0.00ns)   --->   "%store_flag_read = read i1 @_ssdm_op_Read.ap_auto.i1, i1 %store_flag"   --->   Operation 7 'read' 'store_flag_read' <Predicate = true> <Delay = 0.00>
ST_1 : Operation 8 [1/1] (0.00ns)   --->   "%dest_cast = sext i20 %dest_read"   --->   Operation 8 'sext' 'dest_cast' <Predicate = true> <Delay = 0.00>
ST_1 : Operation 9 [1/1] (0.00ns)   --->   "%specinterface_ln0 = specinterface void @_ssdm_op_SpecInterface, i512 %result, void @empty, i32 0, i32 0, void @empty_7, i32 4294967295, i32 0, void @empty_7, void @empty_7, void @empty_7, i32 0, i32 0, i32 0, i32 0, void @empty_7, void @empty_7"   --->   Operation 9 'specinterface' 'specinterface_ln0' <Predicate = true> <Delay = 0.00>
ST_1 : Operation 10 [1/1] (0.00ns)   --->   "%br_ln119 = br i1 %store_flag_read, void %_ZL27memcpy_wide_bus_write_floatP7ap_uintILi512EEPfmm.exit, void %.preheader.preheader" [3dHLS.cpp:119]   --->   Operation 10 'br' 'br_ln119' <Predicate = true> <Delay = 0.00>
ST_1 : Operation 11 [1/1] (0.38ns)   --->   "%br_ln2095 = br void %.preheader" [./mars_wide_bus.h:2095]   --->   Operation 11 'br' 'br_ln2095' <Predicate = (store_flag_read)> <Delay = 0.38>

State 2 <SV = 1> <Delay = 1.19>
ST_2 : Operation 12 [1/1] (0.00ns)   --->   "%i = phi i9 %i_2, void %.split2, i9 0, void %.preheader.preheader"   --->   Operation 12 'phi' 'i' <Predicate = true> <Delay = 0.00>
ST_2 : Operation 13 [1/1] (0.71ns)   --->   "%i_2 = add i9 %i, i9 1" [./mars_wide_bus.h:2095]   --->   Operation 13 'add' 'i_2' <Predicate = true> <Delay = 0.71> <CoreInst = "Adder">   --->   Core 1 'Adder' <Latency = 0> <II = 1> <Delay = 0.80> <FuncUnit> <Opcode : 'add' 'sub'> <InPorts = 2> <OutPorts = 1>
ST_2 : Operation 14 [1/1] (0.59ns)   --->   "%icmp_ln2095 = icmp_eq  i9 %i, i9 256" [./mars_wide_bus.h:2095]   --->   Operation 14 'icmp' 'icmp_ln2095' <Predicate = true> <Delay = 0.59> <CoreInst = "Cmp">   --->   Core 9 'Cmp' <Latency = 0> <II = 1> <Delay = 0.59> <FuncUnit> <Opcode : 'icmp'> <InPorts = 2> <OutPorts = 1>
ST_2 : Operation 15 [1/1] (0.00ns)   --->   "%empty = speclooptripcount i32 @_ssdm_op_SpecLoopTripCount, i64 256, i64 256, i64 256"   --->   Operation 15 'speclooptripcount' 'empty' <Predicate = true> <Delay = 0.00>
ST_2 : Operation 16 [1/1] (0.00ns)   --->   "%br_ln2095 = br i1 %icmp_ln2095, void %.split2, void %_ZL27memcpy_wide_bus_write_floatP7ap_uintILi512EEPfmm.exit.loopexit" [./mars_wide_bus.h:2095]   --->   Operation 16 'br' 'br_ln2095' <Predicate = true> <Delay = 0.00>
ST_2 : Operation 17 [1/1] (0.00ns)   --->   "%zext_ln2095 = zext i9 %i" [./mars_wide_bus.h:2095]   --->   Operation 17 'zext' 'zext_ln2095' <Predicate = (!icmp_ln2095)> <Delay = 0.00>
ST_2 : Operation 18 [1/1] (0.00ns)   --->   "%source_0_addr = getelementptr i32 %source_0, i64 0, i64 %zext_ln2095" [./mars_wide_bus.h:2100]   --->   Operation 18 'getelementptr' 'source_0_addr' <Predicate = (!icmp_ln2095)> <Delay = 0.00>
ST_2 : Operation 19 [2/2] (1.19ns)   --->   "%source_0_load = load i8 %source_0_addr" [./mars_wide_bus.h:2100]   --->   Operation 19 'load' 'source_0_load' <Predicate = (!icmp_ln2095)> <Delay = 1.19> <CoreInst = "RAM">   --->   Core 83 'RAM' <Latency = 1> <II = 1> <Delay = 1.19> <Storage> <Opcode : 'load' 'store'> <Ports = 2> <Width = 32> <Depth = 256> <RAM>
ST_2 : Operation 20 [1/1] (0.00ns)   --->   "%source_1_addr = getelementptr i32 %source_1, i64 0, i64 %zext_ln2095" [./mars_wide_bus.h:2100]   --->   Operation 20 'getelementptr' 'source_1_addr' <Predicate = (!icmp_ln2095)> <Delay = 0.00>
ST_2 : Operation 21 [2/2] (1.19ns)   --->   "%source_1_load = load i8 %source_1_addr" [./mars_wide_bus.h:2100]   --->   Operation 21 'load' 'source_1_load' <Predicate = (!icmp_ln2095)> <Delay = 1.19> <CoreInst = "RAM">   --->   Core 83 'RAM' <Latency = 1> <II = 1> <Delay = 1.19> <Storage> <Opcode : 'load' 'store'> <Ports = 2> <Width = 32> <Depth = 256> <RAM>
ST_2 : Operation 22 [1/1] (0.00ns)   --->   "%source_2_addr = getelementptr i32 %source_2, i64 0, i64 %zext_ln2095" [./mars_wide_bus.h:2100]   --->   Operation 22 'getelementptr' 'source_2_addr' <Predicate = (!icmp_ln2095)> <Delay = 0.00>
ST_2 : Operation 23 [2/2] (1.19ns)   --->   "%source_2_load = load i8 %source_2_addr" [./mars_wide_bus.h:2100]   --->   Operation 23 'load' 'source_2_load' <Predicate = (!icmp_ln2095)> <Delay = 1.19> <CoreInst = "RAM">   --->   Core 83 'RAM' <Latency = 1> <II = 1> <Delay = 1.19> <Storage> <Opcode : 'load' 'store'> <Ports = 2> <Width = 32> <Depth = 256> <RAM>
ST_2 : Operation 24 [1/1] (0.00ns)   --->   "%source_3_addr = getelementptr i32 %source_3, i64 0, i64 %zext_ln2095" [./mars_wide_bus.h:2100]   --->   Operation 24 'getelementptr' 'source_3_addr' <Predicate = (!icmp_ln2095)> <Delay = 0.00>
ST_2 : Operation 25 [2/2] (1.19ns)   --->   "%source_3_load = load i8 %source_3_addr" [./mars_wide_bus.h:2100]   --->   Operation 25 'load' 'source_3_load' <Predicate = (!icmp_ln2095)> <Delay = 1.19> <CoreInst = "RAM">   --->   Core 83 'RAM' <Latency = 1> <II = 1> <Delay = 1.19> <Storage> <Opcode : 'load' 'store'> <Ports = 2> <Width = 32> <Depth = 256> <RAM>
ST_2 : Operation 26 [1/1] (0.00ns)   --->   "%source_4_addr = getelementptr i32 %source_4, i64 0, i64 %zext_ln2095" [./mars_wide_bus.h:2100]   --->   Operation 26 'getelementptr' 'source_4_addr' <Predicate = (!icmp_ln2095)> <Delay = 0.00>
ST_2 : Operation 27 [2/2] (1.19ns)   --->   "%source_4_load = load i8 %source_4_addr" [./mars_wide_bus.h:2100]   --->   Operation 27 'load' 'source_4_load' <Predicate = (!icmp_ln2095)> <Delay = 1.19> <CoreInst = "RAM">   --->   Core 83 'RAM' <Latency = 1> <II = 1> <Delay = 1.19> <Storage> <Opcode : 'load' 'store'> <Ports = 2> <Width = 32> <Depth = 256> <RAM>
ST_2 : Operation 28 [1/1] (0.00ns)   --->   "%source_5_addr = getelementptr i32 %source_5, i64 0, i64 %zext_ln2095" [./mars_wide_bus.h:2100]   --->   Operation 28 'getelementptr' 'source_5_addr' <Predicate = (!icmp_ln2095)> <Delay = 0.00>
ST_2 : Operation 29 [2/2] (1.19ns)   --->   "%source_5_load = load i8 %source_5_addr" [./mars_wide_bus.h:2100]   --->   Operation 29 'load' 'source_5_load' <Predicate = (!icmp_ln2095)> <Delay = 1.19> <CoreInst = "RAM">   --->   Core 83 'RAM' <Latency = 1> <II = 1> <Delay = 1.19> <Storage> <Opcode : 'load' 'store'> <Ports = 2> <Width = 32> <Depth = 256> <RAM>
ST_2 : Operation 30 [1/1] (0.00ns)   --->   "%source_6_addr = getelementptr i32 %source_6, i64 0, i64 %zext_ln2095" [./mars_wide_bus.h:2100]   --->   Operation 30 'getelementptr' 'source_6_addr' <Predicate = (!icmp_ln2095)> <Delay = 0.00>
ST_2 : Operation 31 [2/2] (1.19ns)   --->   "%source_6_load = load i8 %source_6_addr" [./mars_wide_bus.h:2100]   --->   Operation 31 'load' 'source_6_load' <Predicate = (!icmp_ln2095)> <Delay = 1.19> <CoreInst = "RAM">   --->   Core 83 'RAM' <Latency = 1> <II = 1> <Delay = 1.19> <Storage> <Opcode : 'load' 'store'> <Ports = 2> <Width = 32> <Depth = 256> <RAM>
ST_2 : Operation 32 [1/1] (0.00ns)   --->   "%source_7_addr = getelementptr i32 %source_7, i64 0, i64 %zext_ln2095" [./mars_wide_bus.h:2100]   --->   Operation 32 'getelementptr' 'source_7_addr' <Predicate = (!icmp_ln2095)> <Delay = 0.00>
ST_2 : Operation 33 [2/2] (1.19ns)   --->   "%source_7_load = load i8 %source_7_addr" [./mars_wide_bus.h:2100]   --->   Operation 33 'load' 'source_7_load' <Predicate = (!icmp_ln2095)> <Delay = 1.19> <CoreInst = "RAM">   --->   Core 83 'RAM' <Latency = 1> <II = 1> <Delay = 1.19> <Storage> <Opcode : 'load' 'store'> <Ports = 2> <Width = 32> <Depth = 256> <RAM>
ST_2 : Operation 34 [1/1] (0.00ns)   --->   "%source_8_addr = getelementptr i32 %source_8, i64 0, i64 %zext_ln2095" [./mars_wide_bus.h:2100]   --->   Operation 34 'getelementptr' 'source_8_addr' <Predicate = (!icmp_ln2095)> <Delay = 0.00>
ST_2 : Operation 35 [2/2] (1.19ns)   --->   "%source_8_load = load i8 %source_8_addr" [./mars_wide_bus.h:2100]   --->   Operation 35 'load' 'source_8_load' <Predicate = (!icmp_ln2095)> <Delay = 1.19> <CoreInst = "RAM">   --->   Core 83 'RAM' <Latency = 1> <II = 1> <Delay = 1.19> <Storage> <Opcode : 'load' 'store'> <Ports = 2> <Width = 32> <Depth = 256> <RAM>
ST_2 : Operation 36 [1/1] (0.00ns)   --->   "%source_9_addr = getelementptr i32 %source_9, i64 0, i64 %zext_ln2095" [./mars_wide_bus.h:2100]   --->   Operation 36 'getelementptr' 'source_9_addr' <Predicate = (!icmp_ln2095)> <Delay = 0.00>
ST_2 : Operation 37 [2/2] (1.19ns)   --->   "%source_9_load = load i8 %source_9_addr" [./mars_wide_bus.h:2100]   --->   Operation 37 'load' 'source_9_load' <Predicate = (!icmp_ln2095)> <Delay = 1.19> <CoreInst = "RAM">   --->   Core 83 'RAM' <Latency = 1> <II = 1> <Delay = 1.19> <Storage> <Opcode : 'load' 'store'> <Ports = 2> <Width = 32> <Depth = 256> <RAM>
ST_2 : Operation 38 [1/1] (0.00ns)   --->   "%source_10_addr = getelementptr i32 %source_10, i64 0, i64 %zext_ln2095" [./mars_wide_bus.h:2100]   --->   Operation 38 'getelementptr' 'source_10_addr' <Predicate = (!icmp_ln2095)> <Delay = 0.00>
ST_2 : Operation 39 [2/2] (1.19ns)   --->   "%source_10_load = load i8 %source_10_addr" [./mars_wide_bus.h:2100]   --->   Operation 39 'load' 'source_10_load' <Predicate = (!icmp_ln2095)> <Delay = 1.19> <CoreInst = "RAM">   --->   Core 83 'RAM' <Latency = 1> <II = 1> <Delay = 1.19> <Storage> <Opcode : 'load' 'store'> <Ports = 2> <Width = 32> <Depth = 256> <RAM>
ST_2 : Operation 40 [1/1] (0.00ns)   --->   "%source_11_addr = getelementptr i32 %source_11, i64 0, i64 %zext_ln2095" [./mars_wide_bus.h:2100]   --->   Operation 40 'getelementptr' 'source_11_addr' <Predicate = (!icmp_ln2095)> <Delay = 0.00>
ST_2 : Operation 41 [2/2] (1.19ns)   --->   "%source_11_load = load i8 %source_11_addr" [./mars_wide_bus.h:2100]   --->   Operation 41 'load' 'source_11_load' <Predicate = (!icmp_ln2095)> <Delay = 1.19> <CoreInst = "RAM">   --->   Core 83 'RAM' <Latency = 1> <II = 1> <Delay = 1.19> <Storage> <Opcode : 'load' 'store'> <Ports = 2> <Width = 32> <Depth = 256> <RAM>
ST_2 : Operation 42 [1/1] (0.00ns)   --->   "%source_12_addr = getelementptr i32 %source_12, i64 0, i64 %zext_ln2095" [./mars_wide_bus.h:2100]   --->   Operation 42 'getelementptr' 'source_12_addr' <Predicate = (!icmp_ln2095)> <Delay = 0.00>
ST_2 : Operation 43 [2/2] (1.19ns)   --->   "%source_12_load = load i8 %source_12_addr" [./mars_wide_bus.h:2100]   --->   Operation 43 'load' 'source_12_load' <Predicate = (!icmp_ln2095)> <Delay = 1.19> <CoreInst = "RAM">   --->   Core 83 'RAM' <Latency = 1> <II = 1> <Delay = 1.19> <Storage> <Opcode : 'load' 'store'> <Ports = 2> <Width = 32> <Depth = 256> <RAM>
ST_2 : Operation 44 [1/1] (0.00ns)   --->   "%source_13_addr = getelementptr i32 %source_13, i64 0, i64 %zext_ln2095" [./mars_wide_bus.h:2100]   --->   Operation 44 'getelementptr' 'source_13_addr' <Predicate = (!icmp_ln2095)> <Delay = 0.00>
ST_2 : Operation 45 [2/2] (1.19ns)   --->   "%source_13_load = load i8 %source_13_addr" [./mars_wide_bus.h:2100]   --->   Operation 45 'load' 'source_13_load' <Predicate = (!icmp_ln2095)> <Delay = 1.19> <CoreInst = "RAM">   --->   Core 83 'RAM' <Latency = 1> <II = 1> <Delay = 1.19> <Storage> <Opcode : 'load' 'store'> <Ports = 2> <Width = 32> <Depth = 256> <RAM>
ST_2 : Operation 46 [1/1] (0.00ns)   --->   "%source_14_addr = getelementptr i32 %source_14, i64 0, i64 %zext_ln2095" [./mars_wide_bus.h:2100]   --->   Operation 46 'getelementptr' 'source_14_addr' <Predicate = (!icmp_ln2095)> <Delay = 0.00>
ST_2 : Operation 47 [2/2] (1.19ns)   --->   "%source_14_load = load i8 %source_14_addr" [./mars_wide_bus.h:2100]   --->   Operation 47 'load' 'source_14_load' <Predicate = (!icmp_ln2095)> <Delay = 1.19> <CoreInst = "RAM">   --->   Core 83 'RAM' <Latency = 1> <II = 1> <Delay = 1.19> <Storage> <Opcode : 'load' 'store'> <Ports = 2> <Width = 32> <Depth = 256> <RAM>
ST_2 : Operation 48 [1/1] (0.00ns)   --->   "%source_15_addr = getelementptr i32 %source_15, i64 0, i64 %zext_ln2095" [./mars_wide_bus.h:2100]   --->   Operation 48 'getelementptr' 'source_15_addr' <Predicate = (!icmp_ln2095)> <Delay = 0.00>
ST_2 : Operation 49 [2/2] (1.19ns)   --->   "%source_15_load = load i8 %source_15_addr" [./mars_wide_bus.h:2100]   --->   Operation 49 'load' 'source_15_load' <Predicate = (!icmp_ln2095)> <Delay = 1.19> <CoreInst = "RAM">   --->   Core 83 'RAM' <Latency = 1> <II = 1> <Delay = 1.19> <Storage> <Opcode : 'load' 'store'> <Ports = 2> <Width = 32> <Depth = 256> <RAM>
ST_2 : Operation 50 [1/1] (0.00ns)   --->   "%trunc_ln2227 = trunc i9 %i" [./mars_wide_bus.h:2227]   --->   Operation 50 'trunc' 'trunc_ln2227' <Predicate = (!icmp_ln2095)> <Delay = 0.00>

State 3 <SV = 2> <Delay = 1.19>
ST_3 : Operation 51 [1/2] (1.19ns)   --->   "%source_0_load = load i8 %source_0_addr" [./mars_wide_bus.h:2100]   --->   Operation 51 'load' 'source_0_load' <Predicate = (!icmp_ln2095)> <Delay = 1.19> <CoreInst = "RAM">   --->   Core 83 'RAM' <Latency = 1> <II = 1> <Delay = 1.19> <Storage> <Opcode : 'load' 'store'> <Ports = 2> <Width = 32> <Depth = 256> <RAM>
ST_3 : Operation 52 [1/2] (1.19ns)   --->   "%source_1_load = load i8 %source_1_addr" [./mars_wide_bus.h:2100]   --->   Operation 52 'load' 'source_1_load' <Predicate = (!icmp_ln2095)> <Delay = 1.19> <CoreInst = "RAM">   --->   Core 83 'RAM' <Latency = 1> <II = 1> <Delay = 1.19> <Storage> <Opcode : 'load' 'store'> <Ports = 2> <Width = 32> <Depth = 256> <RAM>
ST_3 : Operation 53 [1/2] (1.19ns)   --->   "%source_2_load = load i8 %source_2_addr" [./mars_wide_bus.h:2100]   --->   Operation 53 'load' 'source_2_load' <Predicate = (!icmp_ln2095)> <Delay = 1.19> <CoreInst = "RAM">   --->   Core 83 'RAM' <Latency = 1> <II = 1> <Delay = 1.19> <Storage> <Opcode : 'load' 'store'> <Ports = 2> <Width = 32> <Depth = 256> <RAM>
ST_3 : Operation 54 [1/2] (1.19ns)   --->   "%source_3_load = load i8 %source_3_addr" [./mars_wide_bus.h:2100]   --->   Operation 54 'load' 'source_3_load' <Predicate = (!icmp_ln2095)> <Delay = 1.19> <CoreInst = "RAM">   --->   Core 83 'RAM' <Latency = 1> <II = 1> <Delay = 1.19> <Storage> <Opcode : 'load' 'store'> <Ports = 2> <Width = 32> <Depth = 256> <RAM>
ST_3 : Operation 55 [1/2] (1.19ns)   --->   "%source_4_load = load i8 %source_4_addr" [./mars_wide_bus.h:2100]   --->   Operation 55 'load' 'source_4_load' <Predicate = (!icmp_ln2095)> <Delay = 1.19> <CoreInst = "RAM">   --->   Core 83 'RAM' <Latency = 1> <II = 1> <Delay = 1.19> <Storage> <Opcode : 'load' 'store'> <Ports = 2> <Width = 32> <Depth = 256> <RAM>
ST_3 : Operation 56 [1/2] (1.19ns)   --->   "%source_5_load = load i8 %source_5_addr" [./mars_wide_bus.h:2100]   --->   Operation 56 'load' 'source_5_load' <Predicate = (!icmp_ln2095)> <Delay = 1.19> <CoreInst = "RAM">   --->   Core 83 'RAM' <Latency = 1> <II = 1> <Delay = 1.19> <Storage> <Opcode : 'load' 'store'> <Ports = 2> <Width = 32> <Depth = 256> <RAM>
ST_3 : Operation 57 [1/2] (1.19ns)   --->   "%source_6_load = load i8 %source_6_addr" [./mars_wide_bus.h:2100]   --->   Operation 57 'load' 'source_6_load' <Predicate = (!icmp_ln2095)> <Delay = 1.19> <CoreInst = "RAM">   --->   Core 83 'RAM' <Latency = 1> <II = 1> <Delay = 1.19> <Storage> <Opcode : 'load' 'store'> <Ports = 2> <Width = 32> <Depth = 256> <RAM>
ST_3 : Operation 58 [1/2] (1.19ns)   --->   "%source_7_load = load i8 %source_7_addr" [./mars_wide_bus.h:2100]   --->   Operation 58 'load' 'source_7_load' <Predicate = (!icmp_ln2095)> <Delay = 1.19> <CoreInst = "RAM">   --->   Core 83 'RAM' <Latency = 1> <II = 1> <Delay = 1.19> <Storage> <Opcode : 'load' 'store'> <Ports = 2> <Width = 32> <Depth = 256> <RAM>
ST_3 : Operation 59 [1/2] (1.19ns)   --->   "%source_8_load = load i8 %source_8_addr" [./mars_wide_bus.h:2100]   --->   Operation 59 'load' 'source_8_load' <Predicate = (!icmp_ln2095)> <Delay = 1.19> <CoreInst = "RAM">   --->   Core 83 'RAM' <Latency = 1> <II = 1> <Delay = 1.19> <Storage> <Opcode : 'load' 'store'> <Ports = 2> <Width = 32> <Depth = 256> <RAM>
ST_3 : Operation 60 [1/2] (1.19ns)   --->   "%source_9_load = load i8 %source_9_addr" [./mars_wide_bus.h:2100]   --->   Operation 60 'load' 'source_9_load' <Predicate = (!icmp_ln2095)> <Delay = 1.19> <CoreInst = "RAM">   --->   Core 83 'RAM' <Latency = 1> <II = 1> <Delay = 1.19> <Storage> <Opcode : 'load' 'store'> <Ports = 2> <Width = 32> <Depth = 256> <RAM>
ST_3 : Operation 61 [1/2] (1.19ns)   --->   "%source_10_load = load i8 %source_10_addr" [./mars_wide_bus.h:2100]   --->   Operation 61 'load' 'source_10_load' <Predicate = (!icmp_ln2095)> <Delay = 1.19> <CoreInst = "RAM">   --->   Core 83 'RAM' <Latency = 1> <II = 1> <Delay = 1.19> <Storage> <Opcode : 'load' 'store'> <Ports = 2> <Width = 32> <Depth = 256> <RAM>
ST_3 : Operation 62 [1/2] (1.19ns)   --->   "%source_11_load = load i8 %source_11_addr" [./mars_wide_bus.h:2100]   --->   Operation 62 'load' 'source_11_load' <Predicate = (!icmp_ln2095)> <Delay = 1.19> <CoreInst = "RAM">   --->   Core 83 'RAM' <Latency = 1> <II = 1> <Delay = 1.19> <Storage> <Opcode : 'load' 'store'> <Ports = 2> <Width = 32> <Depth = 256> <RAM>
ST_3 : Operation 63 [1/2] (1.19ns)   --->   "%source_12_load = load i8 %source_12_addr" [./mars_wide_bus.h:2100]   --->   Operation 63 'load' 'source_12_load' <Predicate = (!icmp_ln2095)> <Delay = 1.19> <CoreInst = "RAM">   --->   Core 83 'RAM' <Latency = 1> <II = 1> <Delay = 1.19> <Storage> <Opcode : 'load' 'store'> <Ports = 2> <Width = 32> <Depth = 256> <RAM>
ST_3 : Operation 64 [1/2] (1.19ns)   --->   "%source_13_load = load i8 %source_13_addr" [./mars_wide_bus.h:2100]   --->   Operation 64 'load' 'source_13_load' <Predicate = (!icmp_ln2095)> <Delay = 1.19> <CoreInst = "RAM">   --->   Core 83 'RAM' <Latency = 1> <II = 1> <Delay = 1.19> <Storage> <Opcode : 'load' 'store'> <Ports = 2> <Width = 32> <Depth = 256> <RAM>
ST_3 : Operation 65 [1/2] (1.19ns)   --->   "%source_14_load = load i8 %source_14_addr" [./mars_wide_bus.h:2100]   --->   Operation 65 'load' 'source_14_load' <Predicate = (!icmp_ln2095)> <Delay = 1.19> <CoreInst = "RAM">   --->   Core 83 'RAM' <Latency = 1> <II = 1> <Delay = 1.19> <Storage> <Opcode : 'load' 'store'> <Ports = 2> <Width = 32> <Depth = 256> <RAM>
ST_3 : Operation 66 [1/2] (1.19ns)   --->   "%source_15_load = load i8 %source_15_addr" [./mars_wide_bus.h:2100]   --->   Operation 66 'load' 'source_15_load' <Predicate = (!icmp_ln2095)> <Delay = 1.19> <CoreInst = "RAM">   --->   Core 83 'RAM' <Latency = 1> <II = 1> <Delay = 1.19> <Storage> <Opcode : 'load' 'store'> <Ports = 2> <Width = 32> <Depth = 256> <RAM>

State 4 <SV = 3> <Delay = 2.06>
ST_4 : Operation 67 [1/1] (0.00ns)   --->   "%specpipeline_ln2058 = specpipeline void @_ssdm_op_SpecPipeline, i32 4294967295, i32 0, i32 0, i32 0, void @empty_7" [./mars_wide_bus.h:2058]   --->   Operation 67 'specpipeline' 'specpipeline_ln2058' <Predicate = (!icmp_ln2095)> <Delay = 0.00>
ST_4 : Operation 68 [1/1] (0.00ns)   --->   "%specloopname_ln2058 = specloopname void @_ssdm_op_SpecLoopName, void @empty_6" [./mars_wide_bus.h:2058]   --->   Operation 68 'specloopname' 'specloopname_ln2058' <Predicate = (!icmp_ln2095)> <Delay = 0.00>
ST_4 : Operation 69 [1/1] (0.00ns)   --->   "%bitcast_ln2101 = bitcast i32 %source_0_load" [./mars_wide_bus.h:2101]   --->   Operation 69 'bitcast' 'bitcast_ln2101' <Predicate = (!icmp_ln2095)> <Delay = 0.00>
ST_4 : Operation 70 [1/1] (0.00ns)   --->   "%bitcast_ln2101_1 = bitcast i32 %source_1_load" [./mars_wide_bus.h:2101]   --->   Operation 70 'bitcast' 'bitcast_ln2101_1' <Predicate = (!icmp_ln2095)> <Delay = 0.00>
ST_4 : Operation 71 [1/1] (0.00ns)   --->   "%bitcast_ln2101_2 = bitcast i32 %source_2_load" [./mars_wide_bus.h:2101]   --->   Operation 71 'bitcast' 'bitcast_ln2101_2' <Predicate = (!icmp_ln2095)> <Delay = 0.00>
ST_4 : Operation 72 [1/1] (0.00ns)   --->   "%bitcast_ln2101_3 = bitcast i32 %source_3_load" [./mars_wide_bus.h:2101]   --->   Operation 72 'bitcast' 'bitcast_ln2101_3' <Predicate = (!icmp_ln2095)> <Delay = 0.00>
ST_4 : Operation 73 [1/1] (0.00ns)   --->   "%bitcast_ln2101_4 = bitcast i32 %source_4_load" [./mars_wide_bus.h:2101]   --->   Operation 73 'bitcast' 'bitcast_ln2101_4' <Predicate = (!icmp_ln2095)> <Delay = 0.00>
ST_4 : Operation 74 [1/1] (0.00ns)   --->   "%bitcast_ln2101_5 = bitcast i32 %source_5_load" [./mars_wide_bus.h:2101]   --->   Operation 74 'bitcast' 'bitcast_ln2101_5' <Predicate = (!icmp_ln2095)> <Delay = 0.00>
ST_4 : Operation 75 [1/1] (0.00ns)   --->   "%bitcast_ln2101_6 = bitcast i32 %source_6_load" [./mars_wide_bus.h:2101]   --->   Operation 75 'bitcast' 'bitcast_ln2101_6' <Predicate = (!icmp_ln2095)> <Delay = 0.00>
ST_4 : Operation 76 [1/1] (0.00ns)   --->   "%bitcast_ln2101_7 = bitcast i32 %source_7_load" [./mars_wide_bus.h:2101]   --->   Operation 76 'bitcast' 'bitcast_ln2101_7' <Predicate = (!icmp_ln2095)> <Delay = 0.00>
ST_4 : Operation 77 [1/1] (0.00ns)   --->   "%bitcast_ln2101_8 = bitcast i32 %source_8_load" [./mars_wide_bus.h:2101]   --->   Operation 77 'bitcast' 'bitcast_ln2101_8' <Predicate = (!icmp_ln2095)> <Delay = 0.00>
ST_4 : Operation 78 [1/1] (0.00ns)   --->   "%bitcast_ln2101_9 = bitcast i32 %source_9_load" [./mars_wide_bus.h:2101]   --->   Operation 78 'bitcast' 'bitcast_ln2101_9' <Predicate = (!icmp_ln2095)> <Delay = 0.00>
ST_4 : Operation 79 [1/1] (0.00ns)   --->   "%bitcast_ln2101_10 = bitcast i32 %source_10_load" [./mars_wide_bus.h:2101]   --->   Operation 79 'bitcast' 'bitcast_ln2101_10' <Predicate = (!icmp_ln2095)> <Delay = 0.00>
ST_4 : Operation 80 [1/1] (0.00ns)   --->   "%bitcast_ln2101_11 = bitcast i32 %source_11_load" [./mars_wide_bus.h:2101]   --->   Operation 80 'bitcast' 'bitcast_ln2101_11' <Predicate = (!icmp_ln2095)> <Delay = 0.00>
ST_4 : Operation 81 [1/1] (0.00ns)   --->   "%bitcast_ln2101_12 = bitcast i32 %source_12_load" [./mars_wide_bus.h:2101]   --->   Operation 81 'bitcast' 'bitcast_ln2101_12' <Predicate = (!icmp_ln2095)> <Delay = 0.00>
ST_4 : Operation 82 [1/1] (0.00ns)   --->   "%bitcast_ln2101_13 = bitcast i32 %source_13_load" [./mars_wide_bus.h:2101]   --->   Operation 82 'bitcast' 'bitcast_ln2101_13' <Predicate = (!icmp_ln2095)> <Delay = 0.00>
ST_4 : Operation 83 [1/1] (0.00ns)   --->   "%bitcast_ln2101_14 = bitcast i32 %source_14_load" [./mars_wide_bus.h:2101]   --->   Operation 83 'bitcast' 'bitcast_ln2101_14' <Predicate = (!icmp_ln2095)> <Delay = 0.00>
ST_4 : Operation 84 [1/1] (0.00ns)   --->   "%bitcast_ln2101_15 = bitcast i32 %source_15_load" [./mars_wide_bus.h:2101]   --->   Operation 84 'bitcast' 'bitcast_ln2101_15' <Predicate = (!icmp_ln2095)> <Delay = 0.00>
ST_4 : Operation 85 [1/1] (0.00ns)   --->   "%p_Result_s = bitconcatenate i512 @_ssdm_op_BitConcatenate.i512.i32.i32.i32.i32.i32.i32.i32.i32.i32.i32.i32.i32.i32.i32.i32.i32, i32 %bitcast_ln2101_15, i32 %bitcast_ln2101_14, i32 %bitcast_ln2101_13, i32 %bitcast_ln2101_12, i32 %bitcast_ln2101_11, i32 %bitcast_ln2101_10, i32 %bitcast_ln2101_9, i32 %bitcast_ln2101_8, i32 %bitcast_ln2101_7, i32 %bitcast_ln2101_6, i32 %bitcast_ln2101_5, i32 %bitcast_ln2101_4, i32 %bitcast_ln2101_3, i32 %bitcast_ln2101_2, i32 %bitcast_ln2101_1, i32 %bitcast_ln2101"   --->   Operation 85 'bitconcatenate' 'p_Result_s' <Predicate = (!icmp_ln2095)> <Delay = 0.00>
ST_4 : Operation 86 [1/1] (0.00ns)   --->   "%shl_ln = bitconcatenate i14 @_ssdm_op_BitConcatenate.i14.i8.i6, i8 %trunc_ln2227, i6 0" [./mars_wide_bus.h:2227]   --->   Operation 86 'bitconcatenate' 'shl_ln' <Predicate = (!icmp_ln2095)> <Delay = 0.00>
ST_4 : Operation 87 [1/1] (0.00ns)   --->   "%zext_ln2227 = zext i14 %shl_ln" [./mars_wide_bus.h:2227]   --->   Operation 87 'zext' 'zext_ln2227' <Predicate = (!icmp_ln2095)> <Delay = 0.00>
ST_4 : Operation 88 [1/1] (0.80ns)   --->   "%add_ln2227 = add i21 %zext_ln2227, i21 %dest_cast" [./mars_wide_bus.h:2227]   --->   Operation 88 'add' 'add_ln2227' <Predicate = (!icmp_ln2095)> <Delay = 0.80> <CoreInst = "Adder">   --->   Core 1 'Adder' <Latency = 0> <II = 1> <Delay = 0.80> <FuncUnit> <Opcode : 'add' 'sub'> <InPorts = 2> <OutPorts = 1>
ST_4 : Operation 89 [1/1] (0.00ns)   --->   "%lshr_ln = partselect i15 @_ssdm_op_PartSelect.i15.i21.i32.i32, i21 %add_ln2227, i32 6, i32 20" [./mars_wide_bus.h:2227]   --->   Operation 89 'partselect' 'lshr_ln' <Predicate = (!icmp_ln2095)> <Delay = 0.00>
ST_4 : Operation 90 [1/1] (0.00ns)   --->   "%zext_ln2227_1 = zext i15 %lshr_ln" [./mars_wide_bus.h:2227]   --->   Operation 90 'zext' 'zext_ln2227_1' <Predicate = (!icmp_ln2095)> <Delay = 0.00>
ST_4 : Operation 91 [1/1] (0.00ns)   --->   "%result_addr = getelementptr i512 %result, i64 0, i64 %zext_ln2227_1" [./mars_wide_bus.h:2227]   --->   Operation 91 'getelementptr' 'result_addr' <Predicate = (!icmp_ln2095)> <Delay = 0.00>
ST_4 : Operation 92 [1/1] (1.25ns)   --->   "%store_ln2227 = store i512 %p_Result_s, i15 %result_addr" [./mars_wide_bus.h:2227]   --->   Operation 92 'store' 'store_ln2227' <Predicate = (!icmp_ln2095)> <Delay = 1.25> <CoreInst = "RAM">   --->   Core 83 'RAM' <Latency = 2> <II = 1> <Delay = 1.25> <Storage> <Opcode : 'load' 'store'> <Ports = 2> <Width = 512> <Depth = 32768> <RAM>
ST_4 : Operation 93 [1/1] (0.00ns)   --->   "%br_ln0 = br void %.preheader"   --->   Operation 93 'br' 'br_ln0' <Predicate = (!icmp_ln2095)> <Delay = 0.00>

State 5 <SV = 2> <Delay = 0.00>
ST_5 : Operation 94 [1/1] (0.00ns)   --->   "%br_ln0 = br void %_ZL27memcpy_wide_bus_write_floatP7ap_uintILi512EEPfmm.exit"   --->   Operation 94 'br' 'br_ln0' <Predicate = (store_flag_read)> <Delay = 0.00>
ST_5 : Operation 95 [1/1] (0.00ns)   --->   "%ret_ln121 = ret" [3dHLS.cpp:121]   --->   Operation 95 'ret' 'ret_ln121' <Predicate = true> <Delay = 0.00>


============================================================
+ Verbose Summary: Timing violations
============================================================
Target clock period: 3.33ns, clock uncertainty: 0.899ns.

 <State 1>: 0.387ns
The critical path consists of the following:
	multiplexor before 'phi' operation ('i') with incoming values : ('i', ./mars_wide_bus.h:2095) [28]  (0.387 ns)

 <State 2>: 1.2ns
The critical path consists of the following:
	'phi' operation ('i') with incoming values : ('i', ./mars_wide_bus.h:2095) [28]  (0 ns)
	'getelementptr' operation ('source_0_addr', ./mars_wide_bus.h:2100) [37]  (0 ns)
	'load' operation ('source_0_load', ./mars_wide_bus.h:2100) on array 'source_0' [38]  (1.2 ns)

 <State 3>: 1.2ns
The critical path consists of the following:
	'load' operation ('source_0_load', ./mars_wide_bus.h:2100) on array 'source_0' [38]  (1.2 ns)

 <State 4>: 2.06ns
The critical path consists of the following:
	'add' operation ('add_ln2227', ./mars_wide_bus.h:2227) [89]  (0.809 ns)
	'getelementptr' operation ('result_addr', ./mars_wide_bus.h:2227) [92]  (0 ns)
	'store' operation ('store_ln2227', ./mars_wide_bus.h:2227) of variable 'p_Result_s' on array 'result' [93]  (1.25 ns)

 <State 5>: 0ns
The critical path consists of the following:


============================================================
+ Verbose Summary: Binding
============================================================
N/A
* FSMD analyzer results:
  - Output states:
 - Input state : 
  - Chain level:
	State 1
	State 2
	State 3
	State 4
	State 5


============================================================
+ Verbose Summary: Datapath Resource usage 
============================================================
N/A
